{"/home/ngabonziza/Desktop/camp6/Quick-credit/tests/loantest.js":{"path":"/home/ngabonziza/Desktop/camp6/Quick-credit/tests/loantest.js","statementMap":{"0":{"start":{"line":3,"column":11},"end":{"line":3,"column":35}},"1":{"start":{"line":5,"column":12},"end":{"line":5,"column":40}},"2":{"start":{"line":7,"column":12},"end":{"line":7,"column":27}},"3":{"start":{"line":9,"column":13},"end":{"line":9,"column":42}},"4":{"start":{"line":11,"column":16},"end":{"line":11,"column":36}},"5":{"start":{"line":13,"column":17},"end":{"line":13,"column":50}},"6":{"start":{"line":15,"column":39},"end":{"line":15,"column":93}},"7":{"start":{"line":17,"column":0},"end":{"line":17,"column":24}},"8":{"start":{"line":18,"column":0},"end":{"line":18,"column":39}},"9":{"start":{"line":20,"column":0},"end":{"line":77,"column":3}},"10":{"start":{"line":21,"column":4},"end":{"line":32,"column":7}},"11":{"start":{"line":22,"column":8},"end":{"line":31,"column":11}},"12":{"start":{"line":27,"column":12},"end":{"line":27,"column":40}},"13":{"start":{"line":28,"column":12},"end":{"line":28,"column":44}},"14":{"start":{"line":29,"column":12},"end":{"line":29,"column":50}},"15":{"start":{"line":30,"column":12},"end":{"line":30,"column":19}},"16":{"start":{"line":33,"column":4},"end":{"line":41,"column":7}},"17":{"start":{"line":34,"column":8},"end":{"line":40,"column":11}},"18":{"start":{"line":38,"column":12},"end":{"line":38,"column":40}},"19":{"start":{"line":39,"column":12},"end":{"line":39,"column":19}},"20":{"start":{"line":43,"column":4},"end":{"line":51,"column":7}},"21":{"start":{"line":44,"column":8},"end":{"line":50,"column":11}},"22":{"start":{"line":48,"column":12},"end":{"line":48,"column":40}},"23":{"start":{"line":49,"column":12},"end":{"line":49,"column":19}},"24":{"start":{"line":52,"column":4},"end":{"line":60,"column":7}},"25":{"start":{"line":53,"column":8},"end":{"line":59,"column":11}},"26":{"start":{"line":57,"column":12},"end":{"line":57,"column":40}},"27":{"start":{"line":58,"column":12},"end":{"line":58,"column":19}},"28":{"start":{"line":62,"column":4},"end":{"line":70,"column":7}},"29":{"start":{"line":63,"column":8},"end":{"line":69,"column":11}},"30":{"start":{"line":67,"column":12},"end":{"line":67,"column":40}},"31":{"start":{"line":68,"column":12},"end":{"line":68,"column":19}},"32":{"start":{"line":71,"column":4},"end":{"line":76,"column":7}},"33":{"start":{"line":72,"column":8},"end":{"line":75,"column":11}},"34":{"start":{"line":73,"column":12},"end":{"line":73,"column":40}},"35":{"start":{"line":74,"column":12},"end":{"line":74,"column":19}}},"fnMap":{"0":{"name":"_interopRequireDefault","decl":{"start":{"line":15,"column":9},"end":{"line":15,"column":31}},"loc":{"start":{"line":15,"column":37},"end":{"line":15,"column":95}},"line":15},"1":{"name":"(anonymous_1)","decl":{"start":{"line":20,"column":32},"end":{"line":20,"column":33}},"loc":{"start":{"line":20,"column":44},"end":{"line":77,"column":1}},"line":20},"2":{"name":"(anonymous_2)","decl":{"start":{"line":21,"column":40},"end":{"line":21,"column":41}},"loc":{"start":{"line":21,"column":56},"end":{"line":32,"column":5}},"line":21},"3":{"name":"(anonymous_3)","decl":{"start":{"line":26,"column":15},"end":{"line":26,"column":16}},"loc":{"start":{"line":26,"column":35},"end":{"line":31,"column":9}},"line":26},"4":{"name":"(anonymous_4)","decl":{"start":{"line":33,"column":60},"end":{"line":33,"column":61}},"loc":{"start":{"line":33,"column":76},"end":{"line":41,"column":5}},"line":33},"5":{"name":"(anonymous_5)","decl":{"start":{"line":37,"column":15},"end":{"line":37,"column":16}},"loc":{"start":{"line":37,"column":35},"end":{"line":40,"column":9}},"line":37},"6":{"name":"(anonymous_6)","decl":{"start":{"line":43,"column":51},"end":{"line":43,"column":52}},"loc":{"start":{"line":43,"column":67},"end":{"line":51,"column":5}},"line":43},"7":{"name":"(anonymous_7)","decl":{"start":{"line":47,"column":15},"end":{"line":47,"column":16}},"loc":{"start":{"line":47,"column":35},"end":{"line":50,"column":9}},"line":47},"8":{"name":"(anonymous_8)","decl":{"start":{"line":52,"column":51},"end":{"line":52,"column":52}},"loc":{"start":{"line":52,"column":67},"end":{"line":60,"column":5}},"line":52},"9":{"name":"(anonymous_9)","decl":{"start":{"line":56,"column":15},"end":{"line":56,"column":16}},"loc":{"start":{"line":56,"column":35},"end":{"line":59,"column":9}},"line":56},"10":{"name":"(anonymous_10)","decl":{"start":{"line":62,"column":52},"end":{"line":62,"column":53}},"loc":{"start":{"line":62,"column":68},"end":{"line":70,"column":5}},"line":62},"11":{"name":"(anonymous_11)","decl":{"start":{"line":66,"column":15},"end":{"line":66,"column":16}},"loc":{"start":{"line":66,"column":35},"end":{"line":69,"column":9}},"line":66},"12":{"name":"(anonymous_12)","decl":{"start":{"line":71,"column":34},"end":{"line":71,"column":35}},"loc":{"start":{"line":71,"column":50},"end":{"line":76,"column":5}},"line":71},"13":{"name":"(anonymous_13)","decl":{"start":{"line":72,"column":84},"end":{"line":72,"column":85}},"loc":{"start":{"line":72,"column":104},"end":{"line":75,"column":9}},"line":72}},"branchMap":{"0":{"loc":{"start":{"line":15,"column":46},"end":{"line":15,"column":92}},"type":"cond-expr","locations":[{"start":{"line":15,"column":70},"end":{"line":15,"column":73}},{"start":{"line":15,"column":76},"end":{"line":15,"column":92}}],"line":15},"1":{"loc":{"start":{"line":15,"column":46},"end":{"line":15,"column":67}},"type":"binary-expr","locations":[{"start":{"line":15,"column":46},"end":{"line":15,"column":49}},{"start":{"line":15,"column":53},"end":{"line":15,"column":67}}],"line":15}},"s":{"0":1,"1":1,"2":1,"3":1,"4":1,"5":1,"6":3,"7":1,"8":1,"9":1,"10":1,"11":1,"12":1,"13":1,"14":1,"15":1,"16":1,"17":1,"18":1,"19":1,"20":1,"21":1,"22":1,"23":1,"24":1,"25":1,"26":1,"27":1,"28":1,"29":1,"30":1,"31":1,"32":1,"33":1,"34":1,"35":1},"f":{"0":3,"1":1,"2":1,"3":1,"4":1,"5":1,"6":1,"7":1,"8":1,"9":1,"10":1,"11":1,"12":1,"13":1},"b":{"0":[1,2],"1":[3,3]},"_coverageSchema":"43e27e138ebf9cfc5966b082cf9a028302ed4184","hash":"4603cde43cf8c5ff92dcc540424c710b35f5d092","contentHash":"a89d258f276b41a264eb8f3666fb0f11949ae2016eff22f2ee73a59b020a9352"},"/home/ngabonziza/Desktop/camp6/Quick-credit/server/app.js":{"path":"/home/ngabonziza/Desktop/camp6/Quick-credit/server/app.js","statementMap":{"0":{"start":{"line":3,"column":0},"end":{"line":5,"column":3}},"1":{"start":{"line":7,"column":12},"end":{"line":7,"column":36}},"2":{"start":{"line":9,"column":13},"end":{"line":9,"column":42}},"3":{"start":{"line":11,"column":15},"end":{"line":11,"column":33}},"4":{"start":{"line":13,"column":16},"end":{"line":13,"column":48}},"5":{"start":{"line":15,"column":18},"end":{"line":15,"column":40}},"6":{"start":{"line":17,"column":19},"end":{"line":17,"column":54}},"7":{"start":{"line":19,"column":12},"end":{"line":19,"column":36}},"8":{"start":{"line":21,"column":13},"end":{"line":21,"column":42}},"9":{"start":{"line":23,"column":17},"end":{"line":23,"column":46}},"10":{"start":{"line":25,"column":18},"end":{"line":25,"column":52}},"11":{"start":{"line":27,"column":39},"end":{"line":27,"column":93}},"12":{"start":{"line":29,"column":10},"end":{"line":29,"column":34}},"13":{"start":{"line":31,"column":0},"end":{"line":33,"column":4}},"14":{"start":{"line":34,"column":0},"end":{"line":34,"column":37}},"15":{"start":{"line":35,"column":0},"end":{"line":35,"column":24}},"16":{"start":{"line":36,"column":0},"end":{"line":36,"column":24}},"17":{"start":{"line":37,"column":0},"end":{"line":37,"column":29}},"18":{"start":{"line":38,"column":0},"end":{"line":43,"column":3}},"19":{"start":{"line":39,"column":4},"end":{"line":42,"column":7}},"20":{"start":{"line":45,"column":11},"end":{"line":45,"column":35}},"21":{"start":{"line":46,"column":0},"end":{"line":48,"column":3}},"22":{"start":{"line":47,"column":4},"end":{"line":47,"column":58}},"23":{"start":{"line":50,"column":0},"end":{"line":50,"column":22}}},"fnMap":{"0":{"name":"_interopRequireDefault","decl":{"start":{"line":27,"column":9},"end":{"line":27,"column":31}},"loc":{"start":{"line":27,"column":37},"end":{"line":27,"column":95}},"line":27},"1":{"name":"(anonymous_1)","decl":{"start":{"line":38,"column":13},"end":{"line":38,"column":14}},"loc":{"start":{"line":38,"column":33},"end":{"line":43,"column":1}},"line":38},"2":{"name":"(anonymous_2)","decl":{"start":{"line":46,"column":17},"end":{"line":46,"column":18}},"loc":{"start":{"line":46,"column":29},"end":{"line":48,"column":1}},"line":46}},"branchMap":{"0":{"loc":{"start":{"line":27,"column":46},"end":{"line":27,"column":92}},"type":"cond-expr","locations":[{"start":{"line":27,"column":70},"end":{"line":27,"column":73}},{"start":{"line":27,"column":76},"end":{"line":27,"column":92}}],"line":27},"1":{"loc":{"start":{"line":27,"column":46},"end":{"line":27,"column":67}},"type":"binary-expr","locations":[{"start":{"line":27,"column":46},"end":{"line":27,"column":49}},{"start":{"line":27,"column":53},"end":{"line":27,"column":67}}],"line":27},"2":{"loc":{"start":{"line":45,"column":11},"end":{"line":45,"column":35}},"type":"binary-expr","locations":[{"start":{"line":45,"column":11},"end":{"line":45,"column":27}},{"start":{"line":45,"column":31},"end":{"line":45,"column":35}}],"line":45}},"s":{"0":1,"1":1,"2":1,"3":1,"4":1,"5":1,"6":1,"7":1,"8":1,"9":1,"10":1,"11":5,"12":1,"13":1,"14":1,"15":1,"16":1,"17":1,"18":1,"19":0,"20":1,"21":1,"22":1,"23":1},"f":{"0":5,"1":0,"2":1},"b":{"0":[3,2],"1":[5,5],"2":[1,1]},"_coverageSchema":"43e27e138ebf9cfc5966b082cf9a028302ed4184","hash":"c0bca78977a389539c13f53c1c520c17443c5086","contentHash":"d512835f83ee9090b0520b36cbcdf30b11058eecce01ae252504e6f3c9f1938e"},"/home/ngabonziza/Desktop/camp6/Quick-credit/server/routes/user.js":{"path":"/home/ngabonziza/Desktop/camp6/Quick-credit/server/routes/user.js","statementMap":{"0":{"start":{"line":3,"column":0},"end":{"line":5,"column":3}},"1":{"start":{"line":7,"column":15},"end":{"line":7,"column":33}},"2":{"start":{"line":9,"column":16},"end":{"line":9,"column":48}},"3":{"start":{"line":11,"column":18},"end":{"line":11,"column":59}},"4":{"start":{"line":13,"column":19},"end":{"line":13,"column":54}},"5":{"start":{"line":15,"column":16},"end":{"line":15,"column":55}},"6":{"start":{"line":17,"column":17},"end":{"line":17,"column":50}},"7":{"start":{"line":19,"column":15},"end":{"line":19,"column":53}},"8":{"start":{"line":21,"column":16},"end":{"line":21,"column":48}},"9":{"start":{"line":23,"column":14},"end":{"line":23,"column":51}},"10":{"start":{"line":25,"column":15},"end":{"line":25,"column":46}},"11":{"start":{"line":27,"column":14},"end":{"line":27,"column":51}},"12":{"start":{"line":29,"column":15},"end":{"line":29,"column":46}},"13":{"start":{"line":31,"column":39},"end":{"line":31,"column":93}},"14":{"start":{"line":33,"column":13},"end":{"line":33,"column":39}},"15":{"start":{"line":35,"column":0},"end":{"line":35,"column":57}},"16":{"start":{"line":36,"column":0},"end":{"line":36,"column":59}},"17":{"start":{"line":37,"column":0},"end":{"line":37,"column":64}},"18":{"start":{"line":38,"column":0},"end":{"line":38,"column":60}},"19":{"start":{"line":39,"column":0},"end":{"line":39,"column":63}},"20":{"start":{"line":41,"column":0},"end":{"line":41,"column":25}}},"fnMap":{"0":{"name":"_interopRequireDefault","decl":{"start":{"line":31,"column":9},"end":{"line":31,"column":31}},"loc":{"start":{"line":31,"column":37},"end":{"line":31,"column":95}},"line":31}},"branchMap":{"0":{"loc":{"start":{"line":31,"column":46},"end":{"line":31,"column":92}},"type":"cond-expr","locations":[{"start":{"line":31,"column":70},"end":{"line":31,"column":73}},{"start":{"line":31,"column":76},"end":{"line":31,"column":92}}],"line":31},"1":{"loc":{"start":{"line":31,"column":46},"end":{"line":31,"column":67}},"type":"binary-expr","locations":[{"start":{"line":31,"column":46},"end":{"line":31,"column":49}},{"start":{"line":31,"column":53},"end":{"line":31,"column":67}}],"line":31}},"s":{"0":1,"1":1,"2":1,"3":1,"4":1,"5":1,"6":1,"7":1,"8":1,"9":1,"10":1,"11":1,"12":1,"13":6,"14":1,"15":1,"16":1,"17":1,"18":1,"19":1,"20":1},"f":{"0":6},"b":{"0":[5,1],"1":[6,6]},"_coverageSchema":"43e27e138ebf9cfc5966b082cf9a028302ed4184","hash":"93c7c8b23871481987a75374fc2b8b23c3023054","contentHash":"44ae6a13f6d79fe2477dd7b992d8e27cad8cb89c7112bd2aeba6cf303421a0c3"},"/home/ngabonziza/Desktop/camp6/Quick-credit/server/controllers/user/verifyUser.js":{"path":"/home/ngabonziza/Desktop/camp6/Quick-credit/server/controllers/user/verifyUser.js","statementMap":{"0":{"start":{"line":3,"column":0},"end":{"line":5,"column":3}},"1":{"start":{"line":7,"column":19},"end":{"line":7,"column":563}},"2":{"start":{"line":7,"column":76},"end":{"line":7,"column":347}},"3":{"start":{"line":7,"column":89},"end":{"line":7,"column":90}},"4":{"start":{"line":7,"column":134},"end":{"line":7,"column":142}},"5":{"start":{"line":7,"column":144},"end":{"line":7,"column":199}},"6":{"start":{"line":7,"column":200},"end":{"line":7,"column":231}},"7":{"start":{"line":7,"column":232},"end":{"line":7,"column":286}},"8":{"start":{"line":7,"column":259},"end":{"line":7,"column":286}},"9":{"start":{"line":7,"column":287},"end":{"line":7,"column":345}},"10":{"start":{"line":7,"column":350},"end":{"line":7,"column":559}},"11":{"start":{"line":7,"column":407},"end":{"line":7,"column":475}},"12":{"start":{"line":7,"column":423},"end":{"line":7,"column":475}},"13":{"start":{"line":7,"column":476},"end":{"line":7,"column":536}},"14":{"start":{"line":7,"column":493},"end":{"line":7,"column":536}},"15":{"start":{"line":7,"column":537},"end":{"line":7,"column":556}},"16":{"start":{"line":9,"column":15},"end":{"line":9,"column":46}},"17":{"start":{"line":11,"column":16},"end":{"line":11,"column":48}},"18":{"start":{"line":13,"column":39},"end":{"line":13,"column":93}},"19":{"start":{"line":15,"column":50},"end":{"line":15,"column":151}},"20":{"start":{"line":15,"column":92},"end":{"line":15,"column":149}},"21":{"start":{"line":17,"column":17},"end":{"line":49,"column":3}},"22":{"start":{"line":19,"column":4},"end":{"line":19,"column":38}},"23":{"start":{"line":22,"column":2},"end":{"line":46,"column":6}},"24":{"start":{"line":25,"column":15},"end":{"line":25,"column":28}},"25":{"start":{"line":27,"column":17},"end":{"line":29,"column":8}},"26":{"start":{"line":28,"column":8},"end":{"line":28,"column":44}},"27":{"start":{"line":30,"column":6},"end":{"line":40,"column":7}},"28":{"start":{"line":31,"column":8},"end":{"line":31,"column":38}},"29":{"start":{"line":32,"column":22},"end":{"line":35,"column":9}},"30":{"start":{"line":36,"column":8},"end":{"line":39,"column":11}},"31":{"start":{"line":41,"column":6},"end":{"line":44,"column":9}},"32":{"start":{"line":48,"column":2},"end":{"line":48,"column":20}},"33":{"start":{"line":51,"column":17},"end":{"line":51,"column":33}},"34":{"start":{"line":52,"column":0},"end":{"line":52,"column":29}}},"fnMap":{"0":{"name":"(anonymous_0)","decl":{"start":{"line":7,"column":19},"end":{"line":7,"column":20}},"loc":{"start":{"line":7,"column":31},"end":{"line":7,"column":561}},"line":7},"1":{"name":"defineProperties","decl":{"start":{"line":7,"column":42},"end":{"line":7,"column":58}},"loc":{"start":{"line":7,"column":74},"end":{"line":7,"column":349}},"line":7},"2":{"name":"(anonymous_2)","decl":{"start":{"line":7,"column":357},"end":{"line":7,"column":358}},"loc":{"start":{"line":7,"column":405},"end":{"line":7,"column":558}},"line":7},"3":{"name":"_interopRequireDefault","decl":{"start":{"line":13,"column":9},"end":{"line":13,"column":31}},"loc":{"start":{"line":13,"column":37},"end":{"line":13,"column":95}},"line":13},"4":{"name":"_classCallCheck","decl":{"start":{"line":15,"column":9},"end":{"line":15,"column":24}},"loc":{"start":{"line":15,"column":48},"end":{"line":15,"column":153}},"line":15},"5":{"name":"(anonymous_5)","decl":{"start":{"line":17,"column":17},"end":{"line":17,"column":18}},"loc":{"start":{"line":17,"column":29},"end":{"line":49,"column":1}},"line":17},"6":{"name":"VerifyUser","decl":{"start":{"line":18,"column":11},"end":{"line":18,"column":21}},"loc":{"start":{"line":18,"column":24},"end":{"line":20,"column":3}},"line":18},"7":{"name":"verify","decl":{"start":{"line":24,"column":20},"end":{"line":24,"column":26}},"loc":{"start":{"line":24,"column":37},"end":{"line":45,"column":5}},"line":24},"8":{"name":"(anonymous_8)","decl":{"start":{"line":27,"column":40},"end":{"line":27,"column":41}},"loc":{"start":{"line":27,"column":56},"end":{"line":29,"column":7}},"line":27}},"branchMap":{"0":{"loc":{"start":{"line":7,"column":168},"end":{"line":7,"column":198}},"type":"binary-expr","locations":[{"start":{"line":7,"column":168},"end":{"line":7,"column":189}},{"start":{"line":7,"column":193},"end":{"line":7,"column":198}}],"line":7},"1":{"loc":{"start":{"line":7,"column":232},"end":{"line":7,"column":286}},"type":"if","locations":[{"start":{"line":7,"column":232},"end":{"line":7,"column":286}},{"start":{"line":7,"column":232},"end":{"line":7,"column":286}}],"line":7},"2":{"loc":{"start":{"line":7,"column":407},"end":{"line":7,"column":475}},"type":"if","locations":[{"start":{"line":7,"column":407},"end":{"line":7,"column":475}},{"start":{"line":7,"column":407},"end":{"line":7,"column":475}}],"line":7},"3":{"loc":{"start":{"line":7,"column":476},"end":{"line":7,"column":536}},"type":"if","locations":[{"start":{"line":7,"column":476},"end":{"line":7,"column":536}},{"start":{"line":7,"column":476},"end":{"line":7,"column":536}}],"line":7},"4":{"loc":{"start":{"line":13,"column":46},"end":{"line":13,"column":92}},"type":"cond-expr","locations":[{"start":{"line":13,"column":70},"end":{"line":13,"column":73}},{"start":{"line":13,"column":76},"end":{"line":13,"column":92}}],"line":13},"5":{"loc":{"start":{"line":13,"column":46},"end":{"line":13,"column":67}},"type":"binary-expr","locations":[{"start":{"line":13,"column":46},"end":{"line":13,"column":49}},{"start":{"line":13,"column":53},"end":{"line":13,"column":67}}],"line":13},"6":{"loc":{"start":{"line":15,"column":50},"end":{"line":15,"column":151}},"type":"if","locations":[{"start":{"line":15,"column":50},"end":{"line":15,"column":151}},{"start":{"line":15,"column":50},"end":{"line":15,"column":151}}],"line":15},"7":{"loc":{"start":{"line":30,"column":6},"end":{"line":40,"column":7}},"type":"if","locations":[{"start":{"line":30,"column":6},"end":{"line":40,"column":7}},{"start":{"line":30,"column":6},"end":{"line":40,"column":7}}],"line":30}},"s":{"0":1,"1":1,"2":1,"3":1,"4":1,"5":1,"6":1,"7":1,"8":1,"9":1,"10":1,"11":1,"12":1,"13":1,"14":0,"15":1,"16":1,"17":1,"18":1,"19":1,"20":0,"21":1,"22":1,"23":1,"24":1,"25":1,"26":1,"27":1,"28":1,"29":1,"30":1,"31":0,"32":1,"33":1,"34":1},"f":{"0":1,"1":1,"2":1,"3":1,"4":1,"5":1,"6":1,"7":1,"8":1},"b":{"0":[1,1],"1":[1,0],"2":[1,0],"3":[0,1],"4":[1,0],"5":[1,1],"6":[0,1],"7":[1,0]},"_coverageSchema":"43e27e138ebf9cfc5966b082cf9a028302ed4184","hash":"8eebcd3bc97da1f1ff5ce1f44fe941997d887e7c","contentHash":"4c49f60f6d74d9c7b41744e68adc348fae4435a25625e82db57d4270c61857b6"},"/home/ngabonziza/Desktop/camp6/Quick-credit/server/models/usersDb.js":{"path":"/home/ngabonziza/Desktop/camp6/Quick-credit/server/models/usersDb.js","statementMap":{"0":{"start":{"line":3,"column":0},"end":{"line":5,"column":3}},"1":{"start":{"line":7,"column":12},"end":{"line":7,"column":14}},"2":{"start":{"line":9,"column":0},"end":{"line":9,"column":24}}},"fnMap":{},"branchMap":{},"s":{"0":1,"1":1,"2":1},"f":{},"b":{},"_coverageSchema":"43e27e138ebf9cfc5966b082cf9a028302ed4184","hash":"9dc357a262e2cd6b3c1813c3e3cd3e2bc87cf5a4","contentHash":"3a71531d2c94f7ce1aa8f2beddab9883930b8572dca56186e15fd93c1998bad3"},"/home/ngabonziza/Desktop/camp6/Quick-credit/server/controllers/user/allUsers.js":{"path":"/home/ngabonziza/Desktop/camp6/Quick-credit/server/controllers/user/allUsers.js","statementMap":{"0":{"start":{"line":3,"column":0},"end":{"line":5,"column":3}},"1":{"start":{"line":7,"column":19},"end":{"line":7,"column":563}},"2":{"start":{"line":7,"column":76},"end":{"line":7,"column":347}},"3":{"start":{"line":7,"column":89},"end":{"line":7,"column":90}},"4":{"start":{"line":7,"column":134},"end":{"line":7,"column":142}},"5":{"start":{"line":7,"column":144},"end":{"line":7,"column":199}},"6":{"start":{"line":7,"column":200},"end":{"line":7,"column":231}},"7":{"start":{"line":7,"column":232},"end":{"line":7,"column":286}},"8":{"start":{"line":7,"column":259},"end":{"line":7,"column":286}},"9":{"start":{"line":7,"column":287},"end":{"line":7,"column":345}},"10":{"start":{"line":7,"column":350},"end":{"line":7,"column":559}},"11":{"start":{"line":7,"column":407},"end":{"line":7,"column":475}},"12":{"start":{"line":7,"column":423},"end":{"line":7,"column":475}},"13":{"start":{"line":7,"column":476},"end":{"line":7,"column":536}},"14":{"start":{"line":7,"column":493},"end":{"line":7,"column":536}},"15":{"start":{"line":7,"column":537},"end":{"line":7,"column":556}},"16":{"start":{"line":9,"column":15},"end":{"line":9,"column":46}},"17":{"start":{"line":11,"column":16},"end":{"line":11,"column":48}},"18":{"start":{"line":13,"column":39},"end":{"line":13,"column":93}},"19":{"start":{"line":15,"column":50},"end":{"line":15,"column":151}},"20":{"start":{"line":15,"column":92},"end":{"line":15,"column":149}},"21":{"start":{"line":17,"column":22},"end":{"line":40,"column":3}},"22":{"start":{"line":19,"column":4},"end":{"line":19,"column":43}},"23":{"start":{"line":22,"column":2},"end":{"line":37,"column":6}},"24":{"start":{"line":25,"column":6},"end":{"line":31,"column":7}},"25":{"start":{"line":26,"column":8},"end":{"line":30,"column":11}},"26":{"start":{"line":31,"column":7},"end":{"line":31,"column":17}},"27":{"start":{"line":32,"column":6},"end":{"line":35,"column":9}},"28":{"start":{"line":39,"column":2},"end":{"line":39,"column":25}},"29":{"start":{"line":42,"column":22},"end":{"line":42,"column":43}},"30":{"start":{"line":43,"column":0},"end":{"line":43,"column":34}}},"fnMap":{"0":{"name":"(anonymous_0)","decl":{"start":{"line":7,"column":19},"end":{"line":7,"column":20}},"loc":{"start":{"line":7,"column":31},"end":{"line":7,"column":561}},"line":7},"1":{"name":"defineProperties","decl":{"start":{"line":7,"column":42},"end":{"line":7,"column":58}},"loc":{"start":{"line":7,"column":74},"end":{"line":7,"column":349}},"line":7},"2":{"name":"(anonymous_2)","decl":{"start":{"line":7,"column":357},"end":{"line":7,"column":358}},"loc":{"start":{"line":7,"column":405},"end":{"line":7,"column":558}},"line":7},"3":{"name":"_interopRequireDefault","decl":{"start":{"line":13,"column":9},"end":{"line":13,"column":31}},"loc":{"start":{"line":13,"column":37},"end":{"line":13,"column":95}},"line":13},"4":{"name":"_classCallCheck","decl":{"start":{"line":15,"column":9},"end":{"line":15,"column":24}},"loc":{"start":{"line":15,"column":48},"end":{"line":15,"column":153}},"line":15},"5":{"name":"(anonymous_5)","decl":{"start":{"line":17,"column":22},"end":{"line":17,"column":23}},"loc":{"start":{"line":17,"column":34},"end":{"line":40,"column":1}},"line":17},"6":{"name":"UsersController","decl":{"start":{"line":18,"column":11},"end":{"line":18,"column":26}},"loc":{"start":{"line":18,"column":29},"end":{"line":20,"column":3}},"line":18},"7":{"name":"getUsers","decl":{"start":{"line":24,"column":20},"end":{"line":24,"column":28}},"loc":{"start":{"line":24,"column":39},"end":{"line":36,"column":5}},"line":24}},"branchMap":{"0":{"loc":{"start":{"line":7,"column":168},"end":{"line":7,"column":198}},"type":"binary-expr","locations":[{"start":{"line":7,"column":168},"end":{"line":7,"column":189}},{"start":{"line":7,"column":193},"end":{"line":7,"column":198}}],"line":7},"1":{"loc":{"start":{"line":7,"column":232},"end":{"line":7,"column":286}},"type":"if","locations":[{"start":{"line":7,"column":232},"end":{"line":7,"column":286}},{"start":{"line":7,"column":232},"end":{"line":7,"column":286}}],"line":7},"2":{"loc":{"start":{"line":7,"column":407},"end":{"line":7,"column":475}},"type":"if","locations":[{"start":{"line":7,"column":407},"end":{"line":7,"column":475}},{"start":{"line":7,"column":407},"end":{"line":7,"column":475}}],"line":7},"3":{"loc":{"start":{"line":7,"column":476},"end":{"line":7,"column":536}},"type":"if","locations":[{"start":{"line":7,"column":476},"end":{"line":7,"column":536}},{"start":{"line":7,"column":476},"end":{"line":7,"column":536}}],"line":7},"4":{"loc":{"start":{"line":13,"column":46},"end":{"line":13,"column":92}},"type":"cond-expr","locations":[{"start":{"line":13,"column":70},"end":{"line":13,"column":73}},{"start":{"line":13,"column":76},"end":{"line":13,"column":92}}],"line":13},"5":{"loc":{"start":{"line":13,"column":46},"end":{"line":13,"column":67}},"type":"binary-expr","locations":[{"start":{"line":13,"column":46},"end":{"line":13,"column":49}},{"start":{"line":13,"column":53},"end":{"line":13,"column":67}}],"line":13},"6":{"loc":{"start":{"line":15,"column":50},"end":{"line":15,"column":151}},"type":"if","locations":[{"start":{"line":15,"column":50},"end":{"line":15,"column":151}},{"start":{"line":15,"column":50},"end":{"line":15,"column":151}}],"line":15},"7":{"loc":{"start":{"line":25,"column":6},"end":{"line":31,"column":7}},"type":"if","locations":[{"start":{"line":25,"column":6},"end":{"line":31,"column":7}},{"start":{"line":25,"column":6},"end":{"line":31,"column":7}}],"line":25}},"s":{"0":1,"1":1,"2":1,"3":1,"4":1,"5":1,"6":1,"7":1,"8":1,"9":1,"10":1,"11":1,"12":1,"13":1,"14":0,"15":1,"16":1,"17":1,"18":1,"19":1,"20":0,"21":1,"22":1,"23":1,"24":0,"25":0,"26":0,"27":0,"28":1,"29":1,"30":1},"f":{"0":1,"1":1,"2":1,"3":1,"4":1,"5":1,"6":1,"7":0},"b":{"0":[1,1],"1":[1,0],"2":[1,0],"3":[0,1],"4":[1,0],"5":[1,1],"6":[0,1],"7":[0,0]},"_coverageSchema":"43e27e138ebf9cfc5966b082cf9a028302ed4184","hash":"6388355a7b20532c9f6040d8bbc68451b07b732c","contentHash":"871eb92b29cf726d7c722cfeb088b2038f5bb98077d0974903accf09a21cdc8a"},"/home/ngabonziza/Desktop/camp6/Quick-credit/server/controllers/user/oneUser.js":{"path":"/home/ngabonziza/Desktop/camp6/Quick-credit/server/controllers/user/oneUser.js","statementMap":{"0":{"start":{"line":3,"column":0},"end":{"line":5,"column":3}},"1":{"start":{"line":7,"column":19},"end":{"line":7,"column":563}},"2":{"start":{"line":7,"column":76},"end":{"line":7,"column":347}},"3":{"start":{"line":7,"column":89},"end":{"line":7,"column":90}},"4":{"start":{"line":7,"column":134},"end":{"line":7,"column":142}},"5":{"start":{"line":7,"column":144},"end":{"line":7,"column":199}},"6":{"start":{"line":7,"column":200},"end":{"line":7,"column":231}},"7":{"start":{"line":7,"column":232},"end":{"line":7,"column":286}},"8":{"start":{"line":7,"column":259},"end":{"line":7,"column":286}},"9":{"start":{"line":7,"column":287},"end":{"line":7,"column":345}},"10":{"start":{"line":7,"column":350},"end":{"line":7,"column":559}},"11":{"start":{"line":7,"column":407},"end":{"line":7,"column":475}},"12":{"start":{"line":7,"column":423},"end":{"line":7,"column":475}},"13":{"start":{"line":7,"column":476},"end":{"line":7,"column":536}},"14":{"start":{"line":7,"column":493},"end":{"line":7,"column":536}},"15":{"start":{"line":7,"column":537},"end":{"line":7,"column":556}},"16":{"start":{"line":9,"column":15},"end":{"line":9,"column":46}},"17":{"start":{"line":11,"column":16},"end":{"line":11,"column":48}},"18":{"start":{"line":13,"column":39},"end":{"line":13,"column":93}},"19":{"start":{"line":15,"column":50},"end":{"line":15,"column":151}},"20":{"start":{"line":15,"column":92},"end":{"line":15,"column":149}},"21":{"start":{"line":17,"column":24},"end":{"line":43,"column":3}},"22":{"start":{"line":19,"column":4},"end":{"line":19,"column":45}},"23":{"start":{"line":22,"column":2},"end":{"line":40,"column":6}},"24":{"start":{"line":25,"column":15},"end":{"line":25,"column":42}},"25":{"start":{"line":26,"column":6},"end":{"line":34,"column":9}},"26":{"start":{"line":27,"column":8},"end":{"line":33,"column":9}},"27":{"start":{"line":28,"column":10},"end":{"line":32,"column":13}},"28":{"start":{"line":35,"column":6},"end":{"line":38,"column":9}},"29":{"start":{"line":42,"column":2},"end":{"line":42,"column":27}},"30":{"start":{"line":45,"column":14},"end":{"line":45,"column":37}},"31":{"start":{"line":46,"column":0},"end":{"line":46,"column":26}}},"fnMap":{"0":{"name":"(anonymous_0)","decl":{"start":{"line":7,"column":19},"end":{"line":7,"column":20}},"loc":{"start":{"line":7,"column":31},"end":{"line":7,"column":561}},"line":7},"1":{"name":"defineProperties","decl":{"start":{"line":7,"column":42},"end":{"line":7,"column":58}},"loc":{"start":{"line":7,"column":74},"end":{"line":7,"column":349}},"line":7},"2":{"name":"(anonymous_2)","decl":{"start":{"line":7,"column":357},"end":{"line":7,"column":358}},"loc":{"start":{"line":7,"column":405},"end":{"line":7,"column":558}},"line":7},"3":{"name":"_interopRequireDefault","decl":{"start":{"line":13,"column":9},"end":{"line":13,"column":31}},"loc":{"start":{"line":13,"column":37},"end":{"line":13,"column":95}},"line":13},"4":{"name":"_classCallCheck","decl":{"start":{"line":15,"column":9},"end":{"line":15,"column":24}},"loc":{"start":{"line":15,"column":48},"end":{"line":15,"column":153}},"line":15},"5":{"name":"(anonymous_5)","decl":{"start":{"line":17,"column":24},"end":{"line":17,"column":25}},"loc":{"start":{"line":17,"column":36},"end":{"line":43,"column":1}},"line":17},"6":{"name":"OneUserController","decl":{"start":{"line":18,"column":11},"end":{"line":18,"column":28}},"loc":{"start":{"line":18,"column":31},"end":{"line":20,"column":3}},"line":18},"7":{"name":"getUser","decl":{"start":{"line":24,"column":20},"end":{"line":24,"column":27}},"loc":{"start":{"line":24,"column":38},"end":{"line":39,"column":5}},"line":24},"8":{"name":"(anonymous_8)","decl":{"start":{"line":26,"column":28},"end":{"line":26,"column":29}},"loc":{"start":{"line":26,"column":44},"end":{"line":34,"column":7}},"line":26}},"branchMap":{"0":{"loc":{"start":{"line":7,"column":168},"end":{"line":7,"column":198}},"type":"binary-expr","locations":[{"start":{"line":7,"column":168},"end":{"line":7,"column":189}},{"start":{"line":7,"column":193},"end":{"line":7,"column":198}}],"line":7},"1":{"loc":{"start":{"line":7,"column":232},"end":{"line":7,"column":286}},"type":"if","locations":[{"start":{"line":7,"column":232},"end":{"line":7,"column":286}},{"start":{"line":7,"column":232},"end":{"line":7,"column":286}}],"line":7},"2":{"loc":{"start":{"line":7,"column":407},"end":{"line":7,"column":475}},"type":"if","locations":[{"start":{"line":7,"column":407},"end":{"line":7,"column":475}},{"start":{"line":7,"column":407},"end":{"line":7,"column":475}}],"line":7},"3":{"loc":{"start":{"line":7,"column":476},"end":{"line":7,"column":536}},"type":"if","locations":[{"start":{"line":7,"column":476},"end":{"line":7,"column":536}},{"start":{"line":7,"column":476},"end":{"line":7,"column":536}}],"line":7},"4":{"loc":{"start":{"line":13,"column":46},"end":{"line":13,"column":92}},"type":"cond-expr","locations":[{"start":{"line":13,"column":70},"end":{"line":13,"column":73}},{"start":{"line":13,"column":76},"end":{"line":13,"column":92}}],"line":13},"5":{"loc":{"start":{"line":13,"column":46},"end":{"line":13,"column":67}},"type":"binary-expr","locations":[{"start":{"line":13,"column":46},"end":{"line":13,"column":49}},{"start":{"line":13,"column":53},"end":{"line":13,"column":67}}],"line":13},"6":{"loc":{"start":{"line":15,"column":50},"end":{"line":15,"column":151}},"type":"if","locations":[{"start":{"line":15,"column":50},"end":{"line":15,"column":151}},{"start":{"line":15,"column":50},"end":{"line":15,"column":151}}],"line":15},"7":{"loc":{"start":{"line":27,"column":8},"end":{"line":33,"column":9}},"type":"if","locations":[{"start":{"line":27,"column":8},"end":{"line":33,"column":9}},{"start":{"line":27,"column":8},"end":{"line":33,"column":9}}],"line":27}},"s":{"0":1,"1":1,"2":1,"3":1,"4":1,"5":1,"6":1,"7":1,"8":1,"9":1,"10":1,"11":1,"12":1,"13":1,"14":0,"15":1,"16":1,"17":1,"18":1,"19":1,"20":0,"21":1,"22":1,"23":1,"24":0,"25":0,"26":0,"27":0,"28":0,"29":1,"30":1,"31":1},"f":{"0":1,"1":1,"2":1,"3":1,"4":1,"5":1,"6":1,"7":0,"8":0},"b":{"0":[1,1],"1":[1,0],"2":[1,0],"3":[0,1],"4":[1,0],"5":[1,1],"6":[0,1],"7":[0,0]},"_coverageSchema":"43e27e138ebf9cfc5966b082cf9a028302ed4184","hash":"669e953e0f702ae3339fbc44518dcac46e649f09","contentHash":"b6c865ac50ce597995c3cbbc79886643c621632583cc0d2152e04ffe037a48d7"},"/home/ngabonziza/Desktop/camp6/Quick-credit/server/controllers/user/signIn.js":{"path":"/home/ngabonziza/Desktop/camp6/Quick-credit/server/controllers/user/signIn.js","statementMap":{"0":{"start":{"line":3,"column":0},"end":{"line":5,"column":3}},"1":{"start":{"line":7,"column":19},"end":{"line":7,"column":563}},"2":{"start":{"line":7,"column":76},"end":{"line":7,"column":347}},"3":{"start":{"line":7,"column":89},"end":{"line":7,"column":90}},"4":{"start":{"line":7,"column":134},"end":{"line":7,"column":142}},"5":{"start":{"line":7,"column":144},"end":{"line":7,"column":199}},"6":{"start":{"line":7,"column":200},"end":{"line":7,"column":231}},"7":{"start":{"line":7,"column":232},"end":{"line":7,"column":286}},"8":{"start":{"line":7,"column":259},"end":{"line":7,"column":286}},"9":{"start":{"line":7,"column":287},"end":{"line":7,"column":345}},"10":{"start":{"line":7,"column":350},"end":{"line":7,"column":559}},"11":{"start":{"line":7,"column":407},"end":{"line":7,"column":475}},"12":{"start":{"line":7,"column":423},"end":{"line":7,"column":475}},"13":{"start":{"line":7,"column":476},"end":{"line":7,"column":536}},"14":{"start":{"line":7,"column":493},"end":{"line":7,"column":536}},"15":{"start":{"line":7,"column":537},"end":{"line":7,"column":556}},"16":{"start":{"line":9,"column":15},"end":{"line":9,"column":46}},"17":{"start":{"line":11,"column":16},"end":{"line":11,"column":48}},"18":{"start":{"line":13,"column":14},"end":{"line":13,"column":31}},"19":{"start":{"line":15,"column":15},"end":{"line":15,"column":46}},"20":{"start":{"line":17,"column":20},"end":{"line":17,"column":43}},"21":{"start":{"line":19,"column":21},"end":{"line":19,"column":58}},"22":{"start":{"line":21,"column":39},"end":{"line":21,"column":93}},"23":{"start":{"line":23,"column":33},"end":{"line":23,"column":456}},"24":{"start":{"line":23,"column":64},"end":{"line":23,"column":89}},"25":{"start":{"line":23,"column":91},"end":{"line":23,"column":453}},"26":{"start":{"line":23,"column":165},"end":{"line":23,"column":263}},"27":{"start":{"line":23,"column":182},"end":{"line":23,"column":195}},"28":{"start":{"line":23,"column":209},"end":{"line":23,"column":219}},"29":{"start":{"line":23,"column":239},"end":{"line":23,"column":253}},"30":{"start":{"line":23,"column":254},"end":{"line":23,"column":261}},"31":{"start":{"line":23,"column":264},"end":{"line":23,"column":426}},"32":{"start":{"line":23,"column":281},"end":{"line":23,"column":296}},"33":{"start":{"line":23,"column":306},"end":{"line":23,"column":424}},"34":{"start":{"line":23,"column":360},"end":{"line":23,"column":380}},"35":{"start":{"line":23,"column":401},"end":{"line":23,"column":420}},"36":{"start":{"line":23,"column":429},"end":{"line":23,"column":449}},"37":{"start":{"line":25,"column":50},"end":{"line":25,"column":151}},"38":{"start":{"line":25,"column":92},"end":{"line":25,"column":149}},"39":{"start":{"line":27,"column":13},"end":{"line":118,"column":3}},"40":{"start":{"line":29,"column":4},"end":{"line":29,"column":34}},"41":{"start":{"line":32,"column":2},"end":{"line":115,"column":6}},"42":{"start":{"line":35,"column":17},"end":{"line":107,"column":9}},"43":{"start":{"line":38,"column":8},"end":{"line":106,"column":26}},"44":{"start":{"line":39,"column":10},"end":{"line":105,"column":11}},"45":{"start":{"line":40,"column":12},"end":{"line":104,"column":13}},"46":{"start":{"line":42,"column":16},"end":{"line":42,"column":93}},"47":{"start":{"line":43,"column":16},"end":{"line":45,"column":19}},"48":{"start":{"line":44,"column":18},"end":{"line":44,"column":46}},"49":{"start":{"line":47,"column":16},"end":{"line":50,"column":17}},"50":{"start":{"line":48,"column":18},"end":{"line":48,"column":36}},"51":{"start":{"line":49,"column":18},"end":{"line":49,"column":24}},"52":{"start":{"line":52,"column":16},"end":{"line":55,"column":20}},"53":{"start":{"line":58,"column":16},"end":{"line":58,"column":34}},"54":{"start":{"line":59,"column":16},"end":{"line":59,"column":77}},"55":{"start":{"line":62,"column":16},"end":{"line":62,"column":46}},"56":{"start":{"line":64,"column":16},"end":{"line":67,"column":17}},"57":{"start":{"line":65,"column":18},"end":{"line":65,"column":36}},"58":{"start":{"line":66,"column":18},"end":{"line":66,"column":24}},"59":{"start":{"line":69,"column":16},"end":{"line":72,"column":20}},"60":{"start":{"line":75,"column":16},"end":{"line":75,"column":149}},"61":{"start":{"line":76,"column":16},"end":{"line":83,"column":18}},"62":{"start":{"line":84,"column":16},"end":{"line":84,"column":46}},"63":{"start":{"line":85,"column":16},"end":{"line":87,"column":19}},"64":{"start":{"line":88,"column":16},"end":{"line":94,"column":18}},"65":{"start":{"line":95,"column":16},"end":{"line":99,"column":20}},"66":{"start":{"line":103,"column":16},"end":{"line":103,"column":39}},"67":{"start":{"line":110,"column":8},"end":{"line":110,"column":43}},"68":{"start":{"line":113,"column":6},"end":{"line":113,"column":20}},"69":{"start":{"line":117,"column":2},"end":{"line":117,"column":16}},"70":{"start":{"line":120,"column":13},"end":{"line":120,"column":25}},"71":{"start":{"line":121,"column":0},"end":{"line":121,"column":25}}},"fnMap":{"0":{"name":"(anonymous_0)","decl":{"start":{"line":7,"column":19},"end":{"line":7,"column":20}},"loc":{"start":{"line":7,"column":31},"end":{"line":7,"column":561}},"line":7},"1":{"name":"defineProperties","decl":{"start":{"line":7,"column":42},"end":{"line":7,"column":58}},"loc":{"start":{"line":7,"column":74},"end":{"line":7,"column":349}},"line":7},"2":{"name":"(anonymous_2)","decl":{"start":{"line":7,"column":357},"end":{"line":7,"column":358}},"loc":{"start":{"line":7,"column":405},"end":{"line":7,"column":558}},"line":7},"3":{"name":"_interopRequireDefault","decl":{"start":{"line":21,"column":9},"end":{"line":21,"column":31}},"loc":{"start":{"line":21,"column":37},"end":{"line":21,"column":95}},"line":21},"4":{"name":"_asyncToGenerator","decl":{"start":{"line":23,"column":9},"end":{"line":23,"column":26}},"loc":{"start":{"line":23,"column":31},"end":{"line":23,"column":458}},"line":23},"5":{"name":"(anonymous_5)","decl":{"start":{"line":23,"column":40},"end":{"line":23,"column":41}},"loc":{"start":{"line":23,"column":52},"end":{"line":23,"column":455}},"line":23},"6":{"name":"(anonymous_6)","decl":{"start":{"line":23,"column":110},"end":{"line":23,"column":111}},"loc":{"start":{"line":23,"column":137},"end":{"line":23,"column":451}},"line":23},"7":{"name":"step","decl":{"start":{"line":23,"column":148},"end":{"line":23,"column":152}},"loc":{"start":{"line":23,"column":163},"end":{"line":23,"column":428}},"line":23},"8":{"name":"(anonymous_8)","decl":{"start":{"line":23,"column":341},"end":{"line":23,"column":342}},"loc":{"start":{"line":23,"column":358},"end":{"line":23,"column":382}},"line":23},"9":{"name":"(anonymous_9)","decl":{"start":{"line":23,"column":384},"end":{"line":23,"column":385}},"loc":{"start":{"line":23,"column":399},"end":{"line":23,"column":422}},"line":23},"10":{"name":"_classCallCheck","decl":{"start":{"line":25,"column":9},"end":{"line":25,"column":24}},"loc":{"start":{"line":25,"column":48},"end":{"line":25,"column":153}},"line":25},"11":{"name":"(anonymous_11)","decl":{"start":{"line":27,"column":13},"end":{"line":27,"column":14}},"loc":{"start":{"line":27,"column":25},"end":{"line":118,"column":1}},"line":27},"12":{"name":"Signin","decl":{"start":{"line":28,"column":11},"end":{"line":28,"column":17}},"loc":{"start":{"line":28,"column":20},"end":{"line":30,"column":3}},"line":28},"13":{"name":"(anonymous_13)","decl":{"start":{"line":34,"column":11},"end":{"line":34,"column":12}},"loc":{"start":{"line":34,"column":23},"end":{"line":114,"column":5}},"line":34},"14":{"name":"_callee","decl":{"start":{"line":35,"column":82},"end":{"line":35,"column":89}},"loc":{"start":{"line":35,"column":100},"end":{"line":107,"column":7}},"line":35},"15":{"name":"_callee$","decl":{"start":{"line":38,"column":48},"end":{"line":38,"column":56}},"loc":{"start":{"line":38,"column":67},"end":{"line":106,"column":9}},"line":38},"16":{"name":"(anonymous_16)","decl":{"start":{"line":43,"column":50},"end":{"line":43,"column":51}},"loc":{"start":{"line":43,"column":66},"end":{"line":45,"column":17}},"line":43},"17":{"name":"signin","decl":{"start":{"line":109,"column":15},"end":{"line":109,"column":21}},"loc":{"start":{"line":109,"column":31},"end":{"line":111,"column":7}},"line":109}},"branchMap":{"0":{"loc":{"start":{"line":7,"column":168},"end":{"line":7,"column":198}},"type":"binary-expr","locations":[{"start":{"line":7,"column":168},"end":{"line":7,"column":189}},{"start":{"line":7,"column":193},"end":{"line":7,"column":198}}],"line":7},"1":{"loc":{"start":{"line":7,"column":232},"end":{"line":7,"column":286}},"type":"if","locations":[{"start":{"line":7,"column":232},"end":{"line":7,"column":286}},{"start":{"line":7,"column":232},"end":{"line":7,"column":286}}],"line":7},"2":{"loc":{"start":{"line":7,"column":407},"end":{"line":7,"column":475}},"type":"if","locations":[{"start":{"line":7,"column":407},"end":{"line":7,"column":475}},{"start":{"line":7,"column":407},"end":{"line":7,"column":475}}],"line":7},"3":{"loc":{"start":{"line":7,"column":476},"end":{"line":7,"column":536}},"type":"if","locations":[{"start":{"line":7,"column":476},"end":{"line":7,"column":536}},{"start":{"line":7,"column":476},"end":{"line":7,"column":536}}],"line":7},"4":{"loc":{"start":{"line":21,"column":46},"end":{"line":21,"column":92}},"type":"cond-expr","locations":[{"start":{"line":21,"column":70},"end":{"line":21,"column":73}},{"start":{"line":21,"column":76},"end":{"line":21,"column":92}}],"line":21},"5":{"loc":{"start":{"line":21,"column":46},"end":{"line":21,"column":67}},"type":"binary-expr","locations":[{"start":{"line":21,"column":46},"end":{"line":21,"column":49}},{"start":{"line":21,"column":53},"end":{"line":21,"column":67}}],"line":21},"6":{"loc":{"start":{"line":23,"column":264},"end":{"line":23,"column":426}},"type":"if","locations":[{"start":{"line":23,"column":264},"end":{"line":23,"column":426}},{"start":{"line":23,"column":264},"end":{"line":23,"column":426}}],"line":23},"7":{"loc":{"start":{"line":25,"column":50},"end":{"line":25,"column":151}},"type":"if","locations":[{"start":{"line":25,"column":50},"end":{"line":25,"column":151}},{"start":{"line":25,"column":50},"end":{"line":25,"column":151}}],"line":25},"8":{"loc":{"start":{"line":40,"column":12},"end":{"line":104,"column":13}},"type":"switch","locations":[{"start":{"line":41,"column":14},"end":{"line":55,"column":20}},{"start":{"line":57,"column":14},"end":{"line":59,"column":77}},{"start":{"line":61,"column":14},"end":{"line":72,"column":20}},{"start":{"line":74,"column":14},"end":{"line":99,"column":20}},{"start":{"line":101,"column":14},"end":{"line":101,"column":22}},{"start":{"line":102,"column":14},"end":{"line":103,"column":39}}],"line":40},"9":{"loc":{"start":{"line":47,"column":16},"end":{"line":50,"column":17}},"type":"if","locations":[{"start":{"line":47,"column":16},"end":{"line":50,"column":17}},{"start":{"line":47,"column":16},"end":{"line":50,"column":17}}],"line":47},"10":{"loc":{"start":{"line":64,"column":16},"end":{"line":67,"column":17}},"type":"if","locations":[{"start":{"line":64,"column":16},"end":{"line":67,"column":17}},{"start":{"line":64,"column":16},"end":{"line":67,"column":17}}],"line":64}},"s":{"0":1,"1":1,"2":1,"3":1,"4":1,"5":1,"6":1,"7":1,"8":1,"9":1,"10":1,"11":1,"12":1,"13":1,"14":0,"15":1,"16":1,"17":1,"18":1,"19":1,"20":1,"21":1,"22":3,"23":1,"24":4,"25":4,"26":4,"27":4,"28":4,"29":0,"30":0,"31":4,"32":4,"33":0,"34":0,"35":0,"36":4,"37":1,"38":0,"39":1,"40":1,"41":1,"42":1,"43":4,"44":8,"45":8,"46":4,"47":4,"48":0,"49":4,"50":0,"51":0,"52":4,"53":0,"54":0,"55":0,"56":0,"57":0,"58":0,"59":0,"60":0,"61":0,"62":0,"63":0,"64":0,"65":0,"66":4,"67":4,"68":1,"69":1,"70":1,"71":1},"f":{"0":1,"1":1,"2":1,"3":3,"4":1,"5":4,"6":4,"7":4,"8":0,"9":0,"10":1,"11":1,"12":1,"13":1,"14":4,"15":8,"16":0,"17":4},"b":{"0":[1,1],"1":[1,0],"2":[1,0],"3":[0,1],"4":[1,2],"5":[3,3],"6":[4,0],"7":[0,1],"8":[4,0,0,0,0,4],"9":[0,4],"10":[0,0]},"_coverageSchema":"43e27e138ebf9cfc5966b082cf9a028302ed4184","hash":"d9e22ce0d19d093127d32a5dabf2a416ac66d68c","contentHash":"4fd9220290f534734f70f91831b31dc654d8aa5e2985714c20d5929a6248dbbb"},"/home/ngabonziza/Desktop/camp6/Quick-credit/server/controllers/user/signup.js":{"path":"/home/ngabonziza/Desktop/camp6/Quick-credit/server/controllers/user/signup.js","statementMap":{"0":{"start":{"line":3,"column":0},"end":{"line":5,"column":3}},"1":{"start":{"line":7,"column":19},"end":{"line":7,"column":563}},"2":{"start":{"line":7,"column":76},"end":{"line":7,"column":347}},"3":{"start":{"line":7,"column":89},"end":{"line":7,"column":90}},"4":{"start":{"line":7,"column":134},"end":{"line":7,"column":142}},"5":{"start":{"line":7,"column":144},"end":{"line":7,"column":199}},"6":{"start":{"line":7,"column":200},"end":{"line":7,"column":231}},"7":{"start":{"line":7,"column":232},"end":{"line":7,"column":286}},"8":{"start":{"line":7,"column":259},"end":{"line":7,"column":286}},"9":{"start":{"line":7,"column":287},"end":{"line":7,"column":345}},"10":{"start":{"line":7,"column":350},"end":{"line":7,"column":559}},"11":{"start":{"line":7,"column":407},"end":{"line":7,"column":475}},"12":{"start":{"line":7,"column":423},"end":{"line":7,"column":475}},"13":{"start":{"line":7,"column":476},"end":{"line":7,"column":536}},"14":{"start":{"line":7,"column":493},"end":{"line":7,"column":536}},"15":{"start":{"line":7,"column":537},"end":{"line":7,"column":556}},"16":{"start":{"line":9,"column":15},"end":{"line":9,"column":46}},"17":{"start":{"line":11,"column":16},"end":{"line":11,"column":48}},"18":{"start":{"line":13,"column":18},"end":{"line":13,"column":53}},"19":{"start":{"line":15,"column":19},"end":{"line":15,"column":54}},"20":{"start":{"line":17,"column":14},"end":{"line":17,"column":31}},"21":{"start":{"line":19,"column":15},"end":{"line":19,"column":46}},"22":{"start":{"line":21,"column":14},"end":{"line":21,"column":31}},"23":{"start":{"line":23,"column":15},"end":{"line":23,"column":46}},"24":{"start":{"line":25,"column":20},"end":{"line":25,"column":43}},"25":{"start":{"line":27,"column":21},"end":{"line":27,"column":58}},"26":{"start":{"line":29,"column":39},"end":{"line":29,"column":93}},"27":{"start":{"line":31,"column":33},"end":{"line":31,"column":456}},"28":{"start":{"line":31,"column":64},"end":{"line":31,"column":89}},"29":{"start":{"line":31,"column":91},"end":{"line":31,"column":453}},"30":{"start":{"line":31,"column":165},"end":{"line":31,"column":263}},"31":{"start":{"line":31,"column":182},"end":{"line":31,"column":195}},"32":{"start":{"line":31,"column":209},"end":{"line":31,"column":219}},"33":{"start":{"line":31,"column":239},"end":{"line":31,"column":253}},"34":{"start":{"line":31,"column":254},"end":{"line":31,"column":261}},"35":{"start":{"line":31,"column":264},"end":{"line":31,"column":426}},"36":{"start":{"line":31,"column":281},"end":{"line":31,"column":296}},"37":{"start":{"line":31,"column":306},"end":{"line":31,"column":424}},"38":{"start":{"line":31,"column":360},"end":{"line":31,"column":380}},"39":{"start":{"line":31,"column":401},"end":{"line":31,"column":420}},"40":{"start":{"line":31,"column":429},"end":{"line":31,"column":449}},"41":{"start":{"line":33,"column":50},"end":{"line":33,"column":151}},"42":{"start":{"line":33,"column":92},"end":{"line":33,"column":149}},"43":{"start":{"line":35,"column":13},"end":{"line":124,"column":3}},"44":{"start":{"line":37,"column":4},"end":{"line":37,"column":34}},"45":{"start":{"line":40,"column":2},"end":{"line":121,"column":6}},"46":{"start":{"line":43,"column":17},"end":{"line":113,"column":9}},"47":{"start":{"line":46,"column":8},"end":{"line":112,"column":26}},"48":{"start":{"line":47,"column":10},"end":{"line":111,"column":11}},"49":{"start":{"line":48,"column":12},"end":{"line":110,"column":13}},"50":{"start":{"line":50,"column":16},"end":{"line":50,"column":125}},"51":{"start":{"line":52,"column":16},"end":{"line":55,"column":17}},"52":{"start":{"line":53,"column":18},"end":{"line":53,"column":36}},"53":{"start":{"line":54,"column":18},"end":{"line":54,"column":24}},"54":{"start":{"line":57,"column":16},"end":{"line":57,"column":97}},"55":{"start":{"line":60,"column":16},"end":{"line":60,"column":213}},"56":{"start":{"line":61,"column":16},"end":{"line":61,"column":32}},"57":{"start":{"line":62,"column":16},"end":{"line":62,"column":50}},"58":{"start":{"line":63,"column":16},"end":{"line":63,"column":38}},"59":{"start":{"line":64,"column":16},"end":{"line":75,"column":18}},"60":{"start":{"line":77,"column":16},"end":{"line":82,"column":17}},"61":{"start":{"line":78,"column":18},"end":{"line":78,"column":47}},"62":{"start":{"line":80,"column":18},"end":{"line":80,"column":37}},"63":{"start":{"line":81,"column":18},"end":{"line":81,"column":24}},"64":{"start":{"line":84,"column":16},"end":{"line":87,"column":20}},"65":{"start":{"line":90,"column":16},"end":{"line":90,"column":35}},"66":{"start":{"line":91,"column":16},"end":{"line":91,"column":52}},"67":{"start":{"line":94,"column":16},"end":{"line":94,"column":37}},"68":{"start":{"line":95,"column":16},"end":{"line":95,"column":35}},"69":{"start":{"line":96,"column":16},"end":{"line":96,"column":66}},"70":{"start":{"line":99,"column":16},"end":{"line":99,"column":46}},"71":{"start":{"line":100,"column":16},"end":{"line":100,"column":106}},"72":{"start":{"line":101,"column":16},"end":{"line":105,"column":20}},"73":{"start":{"line":109,"column":16},"end":{"line":109,"column":39}},"74":{"start":{"line":116,"column":8},"end":{"line":116,"column":43}},"75":{"start":{"line":119,"column":6},"end":{"line":119,"column":24}},"76":{"start":{"line":123,"column":2},"end":{"line":123,"column":16}},"77":{"start":{"line":126,"column":13},"end":{"line":126,"column":25}},"78":{"start":{"line":127,"column":0},"end":{"line":127,"column":25}}},"fnMap":{"0":{"name":"(anonymous_0)","decl":{"start":{"line":7,"column":19},"end":{"line":7,"column":20}},"loc":{"start":{"line":7,"column":31},"end":{"line":7,"column":561}},"line":7},"1":{"name":"defineProperties","decl":{"start":{"line":7,"column":42},"end":{"line":7,"column":58}},"loc":{"start":{"line":7,"column":74},"end":{"line":7,"column":349}},"line":7},"2":{"name":"(anonymous_2)","decl":{"start":{"line":7,"column":357},"end":{"line":7,"column":358}},"loc":{"start":{"line":7,"column":405},"end":{"line":7,"column":558}},"line":7},"3":{"name":"_interopRequireDefault","decl":{"start":{"line":29,"column":9},"end":{"line":29,"column":31}},"loc":{"start":{"line":29,"column":37},"end":{"line":29,"column":95}},"line":29},"4":{"name":"_asyncToGenerator","decl":{"start":{"line":31,"column":9},"end":{"line":31,"column":26}},"loc":{"start":{"line":31,"column":31},"end":{"line":31,"column":458}},"line":31},"5":{"name":"(anonymous_5)","decl":{"start":{"line":31,"column":40},"end":{"line":31,"column":41}},"loc":{"start":{"line":31,"column":52},"end":{"line":31,"column":455}},"line":31},"6":{"name":"(anonymous_6)","decl":{"start":{"line":31,"column":110},"end":{"line":31,"column":111}},"loc":{"start":{"line":31,"column":137},"end":{"line":31,"column":451}},"line":31},"7":{"name":"step","decl":{"start":{"line":31,"column":148},"end":{"line":31,"column":152}},"loc":{"start":{"line":31,"column":163},"end":{"line":31,"column":428}},"line":31},"8":{"name":"(anonymous_8)","decl":{"start":{"line":31,"column":341},"end":{"line":31,"column":342}},"loc":{"start":{"line":31,"column":358},"end":{"line":31,"column":382}},"line":31},"9":{"name":"(anonymous_9)","decl":{"start":{"line":31,"column":384},"end":{"line":31,"column":385}},"loc":{"start":{"line":31,"column":399},"end":{"line":31,"column":422}},"line":31},"10":{"name":"_classCallCheck","decl":{"start":{"line":33,"column":9},"end":{"line":33,"column":24}},"loc":{"start":{"line":33,"column":48},"end":{"line":33,"column":153}},"line":33},"11":{"name":"(anonymous_11)","decl":{"start":{"line":35,"column":13},"end":{"line":35,"column":14}},"loc":{"start":{"line":35,"column":25},"end":{"line":124,"column":1}},"line":35},"12":{"name":"Signup","decl":{"start":{"line":36,"column":11},"end":{"line":36,"column":17}},"loc":{"start":{"line":36,"column":20},"end":{"line":38,"column":3}},"line":36},"13":{"name":"(anonymous_13)","decl":{"start":{"line":42,"column":11},"end":{"line":42,"column":12}},"loc":{"start":{"line":42,"column":23},"end":{"line":120,"column":5}},"line":42},"14":{"name":"_callee","decl":{"start":{"line":43,"column":82},"end":{"line":43,"column":89}},"loc":{"start":{"line":43,"column":100},"end":{"line":113,"column":7}},"line":43},"15":{"name":"_callee$","decl":{"start":{"line":46,"column":48},"end":{"line":46,"column":56}},"loc":{"start":{"line":46,"column":67},"end":{"line":112,"column":9}},"line":46},"16":{"name":"(anonymous_16)","decl":{"start":{"line":77,"column":44},"end":{"line":77,"column":45}},"loc":{"start":{"line":77,"column":61},"end":{"line":79,"column":17}},"line":77},"17":{"name":"userSignup","decl":{"start":{"line":115,"column":15},"end":{"line":115,"column":25}},"loc":{"start":{"line":115,"column":35},"end":{"line":117,"column":7}},"line":115}},"branchMap":{"0":{"loc":{"start":{"line":7,"column":168},"end":{"line":7,"column":198}},"type":"binary-expr","locations":[{"start":{"line":7,"column":168},"end":{"line":7,"column":189}},{"start":{"line":7,"column":193},"end":{"line":7,"column":198}}],"line":7},"1":{"loc":{"start":{"line":7,"column":232},"end":{"line":7,"column":286}},"type":"if","locations":[{"start":{"line":7,"column":232},"end":{"line":7,"column":286}},{"start":{"line":7,"column":232},"end":{"line":7,"column":286}}],"line":7},"2":{"loc":{"start":{"line":7,"column":407},"end":{"line":7,"column":475}},"type":"if","locations":[{"start":{"line":7,"column":407},"end":{"line":7,"column":475}},{"start":{"line":7,"column":407},"end":{"line":7,"column":475}}],"line":7},"3":{"loc":{"start":{"line":7,"column":476},"end":{"line":7,"column":536}},"type":"if","locations":[{"start":{"line":7,"column":476},"end":{"line":7,"column":536}},{"start":{"line":7,"column":476},"end":{"line":7,"column":536}}],"line":7},"4":{"loc":{"start":{"line":29,"column":46},"end":{"line":29,"column":92}},"type":"cond-expr","locations":[{"start":{"line":29,"column":70},"end":{"line":29,"column":73}},{"start":{"line":29,"column":76},"end":{"line":29,"column":92}}],"line":29},"5":{"loc":{"start":{"line":29,"column":46},"end":{"line":29,"column":67}},"type":"binary-expr","locations":[{"start":{"line":29,"column":46},"end":{"line":29,"column":49}},{"start":{"line":29,"column":53},"end":{"line":29,"column":67}}],"line":29},"6":{"loc":{"start":{"line":31,"column":264},"end":{"line":31,"column":426}},"type":"if","locations":[{"start":{"line":31,"column":264},"end":{"line":31,"column":426}},{"start":{"line":31,"column":264},"end":{"line":31,"column":426}}],"line":31},"7":{"loc":{"start":{"line":33,"column":50},"end":{"line":33,"column":151}},"type":"if","locations":[{"start":{"line":33,"column":50},"end":{"line":33,"column":151}},{"start":{"line":33,"column":50},"end":{"line":33,"column":151}}],"line":33},"8":{"loc":{"start":{"line":48,"column":12},"end":{"line":110,"column":13}},"type":"switch","locations":[{"start":{"line":49,"column":14},"end":{"line":57,"column":97}},{"start":{"line":59,"column":14},"end":{"line":87,"column":20}},{"start":{"line":89,"column":14},"end":{"line":91,"column":52}},{"start":{"line":93,"column":14},"end":{"line":96,"column":66}},{"start":{"line":98,"column":14},"end":{"line":105,"column":20}},{"start":{"line":107,"column":14},"end":{"line":107,"column":22}},{"start":{"line":108,"column":14},"end":{"line":109,"column":39}}],"line":48},"9":{"loc":{"start":{"line":52,"column":16},"end":{"line":55,"column":17}},"type":"if","locations":[{"start":{"line":52,"column":16},"end":{"line":55,"column":17}},{"start":{"line":52,"column":16},"end":{"line":55,"column":17}}],"line":52},"10":{"loc":{"start":{"line":77,"column":16},"end":{"line":82,"column":17}},"type":"if","locations":[{"start":{"line":77,"column":16},"end":{"line":82,"column":17}},{"start":{"line":77,"column":16},"end":{"line":82,"column":17}}],"line":77}},"s":{"0":1,"1":1,"2":1,"3":1,"4":1,"5":1,"6":1,"7":1,"8":1,"9":1,"10":1,"11":1,"12":1,"13":1,"14":0,"15":1,"16":1,"17":1,"18":1,"19":1,"20":1,"21":1,"22":1,"23":1,"24":1,"25":1,"26":5,"27":1,"28":4,"29":4,"30":6,"31":6,"32":6,"33":0,"34":0,"35":6,"36":4,"37":2,"38":2,"39":0,"40":4,"41":1,"42":0,"43":1,"44":1,"45":1,"46":1,"47":4,"48":10,"49":12,"50":4,"51":4,"52":1,"53":1,"54":3,"55":1,"56":1,"57":1,"58":1,"59":1,"60":1,"61":0,"62":1,"63":1,"64":0,"65":1,"66":1,"67":1,"68":1,"69":1,"70":1,"71":1,"72":1,"73":4,"74":4,"75":1,"76":1,"77":1,"78":1},"f":{"0":1,"1":1,"2":1,"3":5,"4":1,"5":4,"6":4,"7":6,"8":2,"9":0,"10":1,"11":1,"12":1,"13":1,"14":4,"15":10,"16":0,"17":4},"b":{"0":[1,1],"1":[1,0],"2":[1,0],"3":[0,1],"4":[2,3],"5":[5,5],"6":[4,2],"7":[0,1],"8":[4,1,1,1,1,0,4],"9":[1,3],"10":[1,0]},"_coverageSchema":"43e27e138ebf9cfc5966b082cf9a028302ed4184","hash":"a8d2a17c345d54f1757114d5f107f5ae1ed1d7ba","contentHash":"41e9823af1df98bbacd3b9804adceddb6ea0689896191b7eaa94c9389017c0fb"},"/home/ngabonziza/Desktop/camp6/Quick-credit/server/helpers/validation.js":{"path":"/home/ngabonziza/Desktop/camp6/Quick-credit/server/helpers/validation.js","statementMap":{"0":{"start":{"line":3,"column":0},"end":{"line":5,"column":3}},"1":{"start":{"line":7,"column":19},"end":{"line":7,"column":563}},"2":{"start":{"line":7,"column":76},"end":{"line":7,"column":347}},"3":{"start":{"line":7,"column":89},"end":{"line":7,"column":90}},"4":{"start":{"line":7,"column":134},"end":{"line":7,"column":142}},"5":{"start":{"line":7,"column":144},"end":{"line":7,"column":199}},"6":{"start":{"line":7,"column":200},"end":{"line":7,"column":231}},"7":{"start":{"line":7,"column":232},"end":{"line":7,"column":286}},"8":{"start":{"line":7,"column":259},"end":{"line":7,"column":286}},"9":{"start":{"line":7,"column":287},"end":{"line":7,"column":345}},"10":{"start":{"line":7,"column":350},"end":{"line":7,"column":559}},"11":{"start":{"line":7,"column":407},"end":{"line":7,"column":475}},"12":{"start":{"line":7,"column":423},"end":{"line":7,"column":475}},"13":{"start":{"line":7,"column":476},"end":{"line":7,"column":536}},"14":{"start":{"line":7,"column":493},"end":{"line":7,"column":536}},"15":{"start":{"line":7,"column":537},"end":{"line":7,"column":556}},"16":{"start":{"line":9,"column":11},"end":{"line":9,"column":25}},"17":{"start":{"line":11,"column":12},"end":{"line":11,"column":40}},"18":{"start":{"line":13,"column":39},"end":{"line":13,"column":93}},"19":{"start":{"line":15,"column":50},"end":{"line":15,"column":151}},"20":{"start":{"line":15,"column":92},"end":{"line":15,"column":149}},"21":{"start":{"line":17,"column":15},"end":{"line":48,"column":3}},"22":{"start":{"line":19,"column":8},"end":{"line":19,"column":40}},"23":{"start":{"line":22,"column":4},"end":{"line":45,"column":8}},"24":{"start":{"line":25,"column":25},"end":{"line":32,"column":13}},"25":{"start":{"line":33,"column":12},"end":{"line":33,"column":60}},"26":{"start":{"line":38,"column":25},"end":{"line":42,"column":13}},"27":{"start":{"line":43,"column":12},"end":{"line":43,"column":61}},"28":{"start":{"line":47,"column":4},"end":{"line":47,"column":20}},"29":{"start":{"line":50,"column":15},"end":{"line":50,"column":29}},"30":{"start":{"line":51,"column":0},"end":{"line":51,"column":27}}},"fnMap":{"0":{"name":"(anonymous_0)","decl":{"start":{"line":7,"column":19},"end":{"line":7,"column":20}},"loc":{"start":{"line":7,"column":31},"end":{"line":7,"column":561}},"line":7},"1":{"name":"defineProperties","decl":{"start":{"line":7,"column":42},"end":{"line":7,"column":58}},"loc":{"start":{"line":7,"column":74},"end":{"line":7,"column":349}},"line":7},"2":{"name":"(anonymous_2)","decl":{"start":{"line":7,"column":357},"end":{"line":7,"column":358}},"loc":{"start":{"line":7,"column":405},"end":{"line":7,"column":558}},"line":7},"3":{"name":"_interopRequireDefault","decl":{"start":{"line":13,"column":9},"end":{"line":13,"column":31}},"loc":{"start":{"line":13,"column":37},"end":{"line":13,"column":95}},"line":13},"4":{"name":"_classCallCheck","decl":{"start":{"line":15,"column":9},"end":{"line":15,"column":24}},"loc":{"start":{"line":15,"column":48},"end":{"line":15,"column":153}},"line":15},"5":{"name":"(anonymous_5)","decl":{"start":{"line":17,"column":15},"end":{"line":17,"column":16}},"loc":{"start":{"line":17,"column":27},"end":{"line":48,"column":1}},"line":17},"6":{"name":"Validate","decl":{"start":{"line":18,"column":13},"end":{"line":18,"column":21}},"loc":{"start":{"line":18,"column":24},"end":{"line":20,"column":5}},"line":18},"7":{"name":"signupValidation","decl":{"start":{"line":24,"column":24},"end":{"line":24,"column":40}},"loc":{"start":{"line":24,"column":51},"end":{"line":34,"column":9}},"line":24},"8":{"name":"applyValidation","decl":{"start":{"line":37,"column":24},"end":{"line":37,"column":39}},"loc":{"start":{"line":37,"column":51},"end":{"line":44,"column":9}},"line":37}},"branchMap":{"0":{"loc":{"start":{"line":7,"column":168},"end":{"line":7,"column":198}},"type":"binary-expr","locations":[{"start":{"line":7,"column":168},"end":{"line":7,"column":189}},{"start":{"line":7,"column":193},"end":{"line":7,"column":198}}],"line":7},"1":{"loc":{"start":{"line":7,"column":232},"end":{"line":7,"column":286}},"type":"if","locations":[{"start":{"line":7,"column":232},"end":{"line":7,"column":286}},{"start":{"line":7,"column":232},"end":{"line":7,"column":286}}],"line":7},"2":{"loc":{"start":{"line":7,"column":407},"end":{"line":7,"column":475}},"type":"if","locations":[{"start":{"line":7,"column":407},"end":{"line":7,"column":475}},{"start":{"line":7,"column":407},"end":{"line":7,"column":475}}],"line":7},"3":{"loc":{"start":{"line":7,"column":476},"end":{"line":7,"column":536}},"type":"if","locations":[{"start":{"line":7,"column":476},"end":{"line":7,"column":536}},{"start":{"line":7,"column":476},"end":{"line":7,"column":536}}],"line":7},"4":{"loc":{"start":{"line":13,"column":46},"end":{"line":13,"column":92}},"type":"cond-expr","locations":[{"start":{"line":13,"column":70},"end":{"line":13,"column":73}},{"start":{"line":13,"column":76},"end":{"line":13,"column":92}}],"line":13},"5":{"loc":{"start":{"line":13,"column":46},"end":{"line":13,"column":67}},"type":"binary-expr","locations":[{"start":{"line":13,"column":46},"end":{"line":13,"column":49}},{"start":{"line":13,"column":53},"end":{"line":13,"column":67}}],"line":13},"6":{"loc":{"start":{"line":15,"column":50},"end":{"line":15,"column":151}},"type":"if","locations":[{"start":{"line":15,"column":50},"end":{"line":15,"column":151}},{"start":{"line":15,"column":50},"end":{"line":15,"column":151}}],"line":15}},"s":{"0":1,"1":1,"2":1,"3":1,"4":2,"5":2,"6":2,"7":2,"8":2,"9":2,"10":1,"11":1,"12":1,"13":1,"14":0,"15":1,"16":1,"17":1,"18":1,"19":1,"20":0,"21":1,"22":1,"23":1,"24":4,"25":4,"26":5,"27":5,"28":1,"29":1,"30":1},"f":{"0":1,"1":1,"2":1,"3":1,"4":1,"5":1,"6":1,"7":4,"8":5},"b":{"0":[2,2],"1":[2,0],"2":[1,0],"3":[0,1],"4":[0,1],"5":[1,1],"6":[0,1]},"_coverageSchema":"43e27e138ebf9cfc5966b082cf9a028302ed4184","hash":"a0b074762f51540ba85f47945c9373b4d875ea4a","contentHash":"2ba1825db7c390a83b18f3ec3d81b69baaa0f4f20f2ff03e66e746e6d351e0a7"},"/home/ngabonziza/Desktop/camp6/Quick-credit/server/routes/loan.js":{"path":"/home/ngabonziza/Desktop/camp6/Quick-credit/server/routes/loan.js","statementMap":{"0":{"start":{"line":3,"column":0},"end":{"line":5,"column":3}},"1":{"start":{"line":7,"column":15},"end":{"line":7,"column":33}},"2":{"start":{"line":9,"column":16},"end":{"line":9,"column":48}},"3":{"start":{"line":11,"column":15},"end":{"line":11,"column":53}},"4":{"start":{"line":13,"column":16},"end":{"line":13,"column":48}},"5":{"start":{"line":15,"column":17},"end":{"line":15,"column":57}},"6":{"start":{"line":17,"column":18},"end":{"line":17,"column":52}},"7":{"start":{"line":19,"column":19},"end":{"line":19,"column":61}},"8":{"start":{"line":21,"column":20},"end":{"line":21,"column":56}},"9":{"start":{"line":23,"column":19},"end":{"line":23,"column":61}},"10":{"start":{"line":25,"column":20},"end":{"line":25,"column":56}},"11":{"start":{"line":27,"column":39},"end":{"line":27,"column":93}},"12":{"start":{"line":29,"column":13},"end":{"line":29,"column":39}},"13":{"start":{"line":30,"column":0},"end":{"line":30,"column":59}},"14":{"start":{"line":31,"column":0},"end":{"line":31,"column":60}},"15":{"start":{"line":32,"column":0},"end":{"line":32,"column":65}},"16":{"start":{"line":33,"column":0},"end":{"line":33,"column":67}},"17":{"start":{"line":34,"column":0},"end":{"line":34,"column":25}}},"fnMap":{"0":{"name":"_interopRequireDefault","decl":{"start":{"line":27,"column":9},"end":{"line":27,"column":31}},"loc":{"start":{"line":27,"column":37},"end":{"line":27,"column":95}},"line":27}},"branchMap":{"0":{"loc":{"start":{"line":27,"column":46},"end":{"line":27,"column":92}},"type":"cond-expr","locations":[{"start":{"line":27,"column":70},"end":{"line":27,"column":73}},{"start":{"line":27,"column":76},"end":{"line":27,"column":92}}],"line":27},"1":{"loc":{"start":{"line":27,"column":46},"end":{"line":27,"column":67}},"type":"binary-expr","locations":[{"start":{"line":27,"column":46},"end":{"line":27,"column":49}},{"start":{"line":27,"column":53},"end":{"line":27,"column":67}}],"line":27}},"s":{"0":1,"1":1,"2":1,"3":1,"4":1,"5":1,"6":1,"7":1,"8":1,"9":1,"10":1,"11":5,"12":1,"13":1,"14":1,"15":1,"16":1,"17":1},"f":{"0":5},"b":{"0":[4,1],"1":[5,5]},"_coverageSchema":"43e27e138ebf9cfc5966b082cf9a028302ed4184","hash":"f551689cf08ac9d71ec79acf1dddadebf7914cb1","contentHash":"d3d15340b5cbf678f658cb3e8b5d3919cc44801f3c57ef45742403e8e14f59b8"},"/home/ngabonziza/Desktop/camp6/Quick-credit/server/controllers/loan/oneLoan.js":{"path":"/home/ngabonziza/Desktop/camp6/Quick-credit/server/controllers/loan/oneLoan.js","statementMap":{"0":{"start":{"line":3,"column":0},"end":{"line":5,"column":3}},"1":{"start":{"line":7,"column":19},"end":{"line":7,"column":563}},"2":{"start":{"line":7,"column":76},"end":{"line":7,"column":347}},"3":{"start":{"line":7,"column":89},"end":{"line":7,"column":90}},"4":{"start":{"line":7,"column":134},"end":{"line":7,"column":142}},"5":{"start":{"line":7,"column":144},"end":{"line":7,"column":199}},"6":{"start":{"line":7,"column":200},"end":{"line":7,"column":231}},"7":{"start":{"line":7,"column":232},"end":{"line":7,"column":286}},"8":{"start":{"line":7,"column":259},"end":{"line":7,"column":286}},"9":{"start":{"line":7,"column":287},"end":{"line":7,"column":345}},"10":{"start":{"line":7,"column":350},"end":{"line":7,"column":559}},"11":{"start":{"line":7,"column":407},"end":{"line":7,"column":475}},"12":{"start":{"line":7,"column":423},"end":{"line":7,"column":475}},"13":{"start":{"line":7,"column":476},"end":{"line":7,"column":536}},"14":{"start":{"line":7,"column":493},"end":{"line":7,"column":536}},"15":{"start":{"line":7,"column":537},"end":{"line":7,"column":556}},"16":{"start":{"line":9,"column":14},"end":{"line":9,"column":44}},"17":{"start":{"line":11,"column":15},"end":{"line":11,"column":46}},"18":{"start":{"line":13,"column":39},"end":{"line":13,"column":93}},"19":{"start":{"line":15,"column":50},"end":{"line":15,"column":151}},"20":{"start":{"line":15,"column":92},"end":{"line":15,"column":149}},"21":{"start":{"line":17,"column":24},"end":{"line":43,"column":3}},"22":{"start":{"line":19,"column":8},"end":{"line":19,"column":49}},"23":{"start":{"line":22,"column":4},"end":{"line":40,"column":8}},"24":{"start":{"line":25,"column":21},"end":{"line":25,"column":48}},"25":{"start":{"line":26,"column":12},"end":{"line":34,"column":15}},"26":{"start":{"line":27,"column":16},"end":{"line":33,"column":17}},"27":{"start":{"line":28,"column":20},"end":{"line":32,"column":23}},"28":{"start":{"line":35,"column":12},"end":{"line":38,"column":15}},"29":{"start":{"line":42,"column":4},"end":{"line":42,"column":29}},"30":{"start":{"line":45,"column":14},"end":{"line":45,"column":37}},"31":{"start":{"line":46,"column":0},"end":{"line":46,"column":26}}},"fnMap":{"0":{"name":"(anonymous_0)","decl":{"start":{"line":7,"column":19},"end":{"line":7,"column":20}},"loc":{"start":{"line":7,"column":31},"end":{"line":7,"column":561}},"line":7},"1":{"name":"defineProperties","decl":{"start":{"line":7,"column":42},"end":{"line":7,"column":58}},"loc":{"start":{"line":7,"column":74},"end":{"line":7,"column":349}},"line":7},"2":{"name":"(anonymous_2)","decl":{"start":{"line":7,"column":357},"end":{"line":7,"column":358}},"loc":{"start":{"line":7,"column":405},"end":{"line":7,"column":558}},"line":7},"3":{"name":"_interopRequireDefault","decl":{"start":{"line":13,"column":9},"end":{"line":13,"column":31}},"loc":{"start":{"line":13,"column":37},"end":{"line":13,"column":95}},"line":13},"4":{"name":"_classCallCheck","decl":{"start":{"line":15,"column":9},"end":{"line":15,"column":24}},"loc":{"start":{"line":15,"column":48},"end":{"line":15,"column":153}},"line":15},"5":{"name":"(anonymous_5)","decl":{"start":{"line":17,"column":24},"end":{"line":17,"column":25}},"loc":{"start":{"line":17,"column":36},"end":{"line":43,"column":1}},"line":17},"6":{"name":"OneLoanController","decl":{"start":{"line":18,"column":13},"end":{"line":18,"column":30}},"loc":{"start":{"line":18,"column":33},"end":{"line":20,"column":5}},"line":18},"7":{"name":"getLoan","decl":{"start":{"line":24,"column":24},"end":{"line":24,"column":31}},"loc":{"start":{"line":24,"column":42},"end":{"line":39,"column":9}},"line":24},"8":{"name":"(anonymous_8)","decl":{"start":{"line":26,"column":33},"end":{"line":26,"column":34}},"loc":{"start":{"line":26,"column":49},"end":{"line":34,"column":13}},"line":26}},"branchMap":{"0":{"loc":{"start":{"line":7,"column":168},"end":{"line":7,"column":198}},"type":"binary-expr","locations":[{"start":{"line":7,"column":168},"end":{"line":7,"column":189}},{"start":{"line":7,"column":193},"end":{"line":7,"column":198}}],"line":7},"1":{"loc":{"start":{"line":7,"column":232},"end":{"line":7,"column":286}},"type":"if","locations":[{"start":{"line":7,"column":232},"end":{"line":7,"column":286}},{"start":{"line":7,"column":232},"end":{"line":7,"column":286}}],"line":7},"2":{"loc":{"start":{"line":7,"column":407},"end":{"line":7,"column":475}},"type":"if","locations":[{"start":{"line":7,"column":407},"end":{"line":7,"column":475}},{"start":{"line":7,"column":407},"end":{"line":7,"column":475}}],"line":7},"3":{"loc":{"start":{"line":7,"column":476},"end":{"line":7,"column":536}},"type":"if","locations":[{"start":{"line":7,"column":476},"end":{"line":7,"column":536}},{"start":{"line":7,"column":476},"end":{"line":7,"column":536}}],"line":7},"4":{"loc":{"start":{"line":13,"column":46},"end":{"line":13,"column":92}},"type":"cond-expr","locations":[{"start":{"line":13,"column":70},"end":{"line":13,"column":73}},{"start":{"line":13,"column":76},"end":{"line":13,"column":92}}],"line":13},"5":{"loc":{"start":{"line":13,"column":46},"end":{"line":13,"column":67}},"type":"binary-expr","locations":[{"start":{"line":13,"column":46},"end":{"line":13,"column":49}},{"start":{"line":13,"column":53},"end":{"line":13,"column":67}}],"line":13},"6":{"loc":{"start":{"line":15,"column":50},"end":{"line":15,"column":151}},"type":"if","locations":[{"start":{"line":15,"column":50},"end":{"line":15,"column":151}},{"start":{"line":15,"column":50},"end":{"line":15,"column":151}}],"line":15},"7":{"loc":{"start":{"line":27,"column":16},"end":{"line":33,"column":17}},"type":"if","locations":[{"start":{"line":27,"column":16},"end":{"line":33,"column":17}},{"start":{"line":27,"column":16},"end":{"line":33,"column":17}}],"line":27}},"s":{"0":1,"1":1,"2":1,"3":1,"4":1,"5":1,"6":1,"7":1,"8":1,"9":1,"10":1,"11":1,"12":1,"13":1,"14":0,"15":1,"16":1,"17":1,"18":1,"19":1,"20":0,"21":1,"22":1,"23":1,"24":0,"25":0,"26":0,"27":0,"28":0,"29":1,"30":1,"31":1},"f":{"0":1,"1":1,"2":1,"3":1,"4":1,"5":1,"6":1,"7":0,"8":0},"b":{"0":[1,1],"1":[1,0],"2":[1,0],"3":[0,1],"4":[1,0],"5":[1,1],"6":[0,1],"7":[0,0]},"_coverageSchema":"43e27e138ebf9cfc5966b082cf9a028302ed4184","hash":"244549877f1624cb8feb142b08acb53bc462559c","contentHash":"c752dd6f9acd43cba9c4f4d7471b46c27b07219e1b968e3e6590e5c006e131c6"},"/home/ngabonziza/Desktop/camp6/Quick-credit/server/models/loanDb.js":{"path":"/home/ngabonziza/Desktop/camp6/Quick-credit/server/models/loanDb.js","statementMap":{"0":{"start":{"line":3,"column":0},"end":{"line":5,"column":3}},"1":{"start":{"line":6,"column":12},"end":{"line":6,"column":14}},"2":{"start":{"line":7,"column":0},"end":{"line":7,"column":24}}},"fnMap":{},"branchMap":{},"s":{"0":1,"1":1,"2":1},"f":{},"b":{},"_coverageSchema":"43e27e138ebf9cfc5966b082cf9a028302ed4184","hash":"18594470e9fd950f555d8c551c51a26edbdee690","contentHash":"b11a399b4cdd26b3a45745696da8737641022cebf605449cfba4785d02ad1dda"},"/home/ngabonziza/Desktop/camp6/Quick-credit/server/controllers/loan/applyLoan.js":{"path":"/home/ngabonziza/Desktop/camp6/Quick-credit/server/controllers/loan/applyLoan.js","statementMap":{"0":{"start":{"line":3,"column":0},"end":{"line":5,"column":3}},"1":{"start":{"line":7,"column":19},"end":{"line":7,"column":563}},"2":{"start":{"line":7,"column":76},"end":{"line":7,"column":347}},"3":{"start":{"line":7,"column":89},"end":{"line":7,"column":90}},"4":{"start":{"line":7,"column":134},"end":{"line":7,"column":142}},"5":{"start":{"line":7,"column":144},"end":{"line":7,"column":199}},"6":{"start":{"line":7,"column":200},"end":{"line":7,"column":231}},"7":{"start":{"line":7,"column":232},"end":{"line":7,"column":286}},"8":{"start":{"line":7,"column":259},"end":{"line":7,"column":286}},"9":{"start":{"line":7,"column":287},"end":{"line":7,"column":345}},"10":{"start":{"line":7,"column":350},"end":{"line":7,"column":559}},"11":{"start":{"line":7,"column":407},"end":{"line":7,"column":475}},"12":{"start":{"line":7,"column":423},"end":{"line":7,"column":475}},"13":{"start":{"line":7,"column":476},"end":{"line":7,"column":536}},"14":{"start":{"line":7,"column":493},"end":{"line":7,"column":536}},"15":{"start":{"line":7,"column":537},"end":{"line":7,"column":556}},"16":{"start":{"line":9,"column":14},"end":{"line":9,"column":44}},"17":{"start":{"line":11,"column":15},"end":{"line":11,"column":46}},"18":{"start":{"line":13,"column":18},"end":{"line":13,"column":53}},"19":{"start":{"line":15,"column":19},"end":{"line":15,"column":54}},"20":{"start":{"line":17,"column":14},"end":{"line":17,"column":31}},"21":{"start":{"line":19,"column":15},"end":{"line":19,"column":46}},"22":{"start":{"line":21,"column":39},"end":{"line":21,"column":93}},"23":{"start":{"line":23,"column":33},"end":{"line":23,"column":456}},"24":{"start":{"line":23,"column":64},"end":{"line":23,"column":89}},"25":{"start":{"line":23,"column":91},"end":{"line":23,"column":453}},"26":{"start":{"line":23,"column":165},"end":{"line":23,"column":263}},"27":{"start":{"line":23,"column":182},"end":{"line":23,"column":195}},"28":{"start":{"line":23,"column":209},"end":{"line":23,"column":219}},"29":{"start":{"line":23,"column":239},"end":{"line":23,"column":253}},"30":{"start":{"line":23,"column":254},"end":{"line":23,"column":261}},"31":{"start":{"line":23,"column":264},"end":{"line":23,"column":426}},"32":{"start":{"line":23,"column":281},"end":{"line":23,"column":296}},"33":{"start":{"line":23,"column":306},"end":{"line":23,"column":424}},"34":{"start":{"line":23,"column":360},"end":{"line":23,"column":380}},"35":{"start":{"line":23,"column":401},"end":{"line":23,"column":420}},"36":{"start":{"line":23,"column":429},"end":{"line":23,"column":449}},"37":{"start":{"line":25,"column":50},"end":{"line":25,"column":151}},"38":{"start":{"line":25,"column":92},"end":{"line":25,"column":149}},"39":{"start":{"line":27,"column":16},"end":{"line":106,"column":3}},"40":{"start":{"line":29,"column":8},"end":{"line":29,"column":41}},"41":{"start":{"line":32,"column":4},"end":{"line":103,"column":8}},"42":{"start":{"line":35,"column":23},"end":{"line":95,"column":15}},"43":{"start":{"line":38,"column":16},"end":{"line":94,"column":34}},"44":{"start":{"line":39,"column":20},"end":{"line":93,"column":21}},"45":{"start":{"line":40,"column":24},"end":{"line":92,"column":25}},"46":{"start":{"line":42,"column":32},"end":{"line":42,"column":140}},"47":{"start":{"line":44,"column":32},"end":{"line":47,"column":33}},"48":{"start":{"line":45,"column":36},"end":{"line":45,"column":54}},"49":{"start":{"line":46,"column":36},"end":{"line":46,"column":42}},"50":{"start":{"line":49,"column":32},"end":{"line":49,"column":113}},"51":{"start":{"line":52,"column":32},"end":{"line":52,"column":130}},"52":{"start":{"line":53,"column":32},"end":{"line":53,"column":65}},"53":{"start":{"line":54,"column":32},"end":{"line":54,"column":82}},"54":{"start":{"line":55,"column":32},"end":{"line":55,"column":145}},"55":{"start":{"line":56,"column":32},"end":{"line":56,"column":74}},"56":{"start":{"line":57,"column":32},"end":{"line":67,"column":34}},"57":{"start":{"line":69,"column":32},"end":{"line":74,"column":33}},"58":{"start":{"line":70,"column":36},"end":{"line":70,"column":73}},"59":{"start":{"line":72,"column":36},"end":{"line":72,"column":55}},"60":{"start":{"line":73,"column":36},"end":{"line":73,"column":42}},"61":{"start":{"line":76,"column":32},"end":{"line":79,"column":36}},"62":{"start":{"line":82,"column":32},"end":{"line":82,"column":60}},"63":{"start":{"line":83,"column":32},"end":{"line":87,"column":36}},"64":{"start":{"line":91,"column":32},"end":{"line":91,"column":55}},"65":{"start":{"line":98,"column":16},"end":{"line":98,"column":51}},"66":{"start":{"line":101,"column":12},"end":{"line":101,"column":29}},"67":{"start":{"line":105,"column":4},"end":{"line":105,"column":21}},"68":{"start":{"line":108,"column":16},"end":{"line":108,"column":31}},"69":{"start":{"line":109,"column":0},"end":{"line":109,"column":28}}},"fnMap":{"0":{"name":"(anonymous_0)","decl":{"start":{"line":7,"column":19},"end":{"line":7,"column":20}},"loc":{"start":{"line":7,"column":31},"end":{"line":7,"column":561}},"line":7},"1":{"name":"defineProperties","decl":{"start":{"line":7,"column":42},"end":{"line":7,"column":58}},"loc":{"start":{"line":7,"column":74},"end":{"line":7,"column":349}},"line":7},"2":{"name":"(anonymous_2)","decl":{"start":{"line":7,"column":357},"end":{"line":7,"column":358}},"loc":{"start":{"line":7,"column":405},"end":{"line":7,"column":558}},"line":7},"3":{"name":"_interopRequireDefault","decl":{"start":{"line":21,"column":9},"end":{"line":21,"column":31}},"loc":{"start":{"line":21,"column":37},"end":{"line":21,"column":95}},"line":21},"4":{"name":"_asyncToGenerator","decl":{"start":{"line":23,"column":9},"end":{"line":23,"column":26}},"loc":{"start":{"line":23,"column":31},"end":{"line":23,"column":458}},"line":23},"5":{"name":"(anonymous_5)","decl":{"start":{"line":23,"column":40},"end":{"line":23,"column":41}},"loc":{"start":{"line":23,"column":52},"end":{"line":23,"column":455}},"line":23},"6":{"name":"(anonymous_6)","decl":{"start":{"line":23,"column":110},"end":{"line":23,"column":111}},"loc":{"start":{"line":23,"column":137},"end":{"line":23,"column":451}},"line":23},"7":{"name":"step","decl":{"start":{"line":23,"column":148},"end":{"line":23,"column":152}},"loc":{"start":{"line":23,"column":163},"end":{"line":23,"column":428}},"line":23},"8":{"name":"(anonymous_8)","decl":{"start":{"lin
[...]
umn":232},"end":{"line":7,"column":286}},"8":{"start":{"line":7,"column":259},"end":{"line":7,"column":286}},"9":{"start":{"line":7,"column":287},"end":{"line":7,"column":345}},"10":{"start":{"line":7,"column":350},"end":{"line":7,"column":559}},"11":{"start":{"line":7,"column":407},"end":{"line":7,"column":475}},"12":{"start":{"line":7,"column":423},"end":{"line":7,"column":475}},"13":{"start":{"line":7,"column":476},"end":{"line":7,"column":536}},"14":{"start":{"line":7,"column":493},"end":{"line":7,"column":536}},"15":{"start":{"line":7,"column":537},"end":{"line":7,"column":556}},"16":{"start":{"line":9,"column":19},"end":{"line":9,"column":54}},"17":{"start":{"line":11,"column":20},"end":{"line":11,"column":56}},"18":{"start":{"line":13,"column":14},"end":{"line":13,"column":44}},"19":{"start":{"line":15,"column":15},"end":{"line":15,"column":46}},"20":{"start":{"line":17,"column":14},"end":{"line":17,"column":31}},"21":{"start":{"line":19,"column":15},"end":{"line":19,"column":46}},"22":{"start":{"line":21,"column":39},"end":{"line":21,"column":93}},"23":{"start":{"line":23,"column":50},"end":{"line":23,"column":151}},"24":{"start":{"line":23,"column":92},"end":{"line":23,"column":149}},"25":{"start":{"line":25,"column":26},"end":{"line":101,"column":3}},"26":{"start":{"line":27,"column":8},"end":{"line":27,"column":51}},"27":{"start":{"line":30,"column":4},"end":{"line":98,"column":8}},"28":{"start":{"line":33,"column":25},"end":{"line":33,"column":52}},"29":{"start":{"line":34,"column":29},"end":{"line":34,"column":56}},"30":{"start":{"line":35,"column":23},"end":{"line":37,"column":14}},"31":{"start":{"line":36,"column":16},"end":{"line":36,"column":42}},"32":{"start":{"line":38,"column":12},"end":{"line":43,"column":13}},"33":{"start":{"line":39,"column":16},"end":{"line":42,"column":19}},"34":{"start":{"line":44,"column":12},"end":{"line":49,"column":13}},"35":{"start":{"line":45,"column":16},"end":{"line":48,"column":19}},"36":{"start":{"line":50,"column":29},"end":{"line":50,"column":73}},"37":{"start":{"line":51,"column":12},"end":{"line":51,"column":38}},"38":{"start":{"line":52,"column":12},"end":{"line":54,"column":13}},"39":{"start":{"line":53,"column":16},"end":{"line":53,"column":35}},"40":{"start":{"line":55,"column":28},"end":{"line":64,"column":13}},"41":{"start":{"line":65,"column":12},"end":{"line":65,"column":50}},"42":{"start":{"line":66,"column":12},"end":{"line":69,"column":15}},"43":{"start":{"line":74,"column":21},"end":{"line":74,"column":34}},"44":{"start":{"line":76,"column":23},"end":{"line":78,"column":14}},"45":{"start":{"line":77,"column":16},"end":{"line":77,"column":57}},"46":{"start":{"line":79,"column":12},"end":{"line":92,"column":13}},"47":{"start":{"line":80,"column":30},"end":{"line":87,"column":17}},"48":{"start":{"line":88,"column":16},"end":{"line":91,"column":19}},"49":{"start":{"line":93,"column":12},"end":{"line":96,"column":15}},"50":{"start":{"line":100,"column":4},"end":{"line":100,"column":31}},"51":{"start":{"line":103,"column":26},"end":{"line":103,"column":51}},"52":{"start":{"line":104,"column":0},"end":{"line":104,"column":38}}},"fnMap":{"0":{"name":"(anonymous_0)","decl":{"start":{"line":7,"column":19},"end":{"line":7,"column":20}},"loc":{"start":{"line":7,"column":31},"end":{"line":7,"column":561}},"line":7},"1":{"name":"defineProperties","decl":{"start":{"line":7,"column":42},"end":{"line":7,"column":58}},"loc":{"start":{"line":7,"column":74},"end":{"line":7,"column":349}},"line":7},"2":{"name":"(anonymous_2)","decl":{"start":{"line":7,"column":357},"end":{"line":7,"column":358}},"loc":{"start":{"line":7,"column":405},"end":{"line":7,"column":558}},"line":7},"3":{"name":"_interopRequireDefault","decl":{"start":{"line":21,"column":9},"end":{"line":21,"column":31}},"loc":{"start":{"line":21,"column":37},"end":{"line":21,"column":95}},"line":21},"4":{"name":"_classCallCheck","decl":{"start":{"line":23,"column":9},"end":{"line":23,"column":24}},"loc":{"start":{"line":23,"column":48},"end":{"line":23,"column":153}},"line":23},"5":{"name":"(anonymous_5)","decl":{"start":{"line":25,"column":26},"end":{"line":25,"column":27}},"loc":{"start":{"line":25,"column":38},"end":{"line":101,"column":1}},"line":25},"6":{"name":"RepaymentController","decl":{"start":{"line":26,"column":13},"end":{"line":26,"column":32}},"loc":{"start":{"line":26,"column":35},"end":{"line":28,"column":5}},"line":26},"7":{"name":"repayLoan","decl":{"start":{"line":32,"column":24},"end":{"line":32,"column":33}},"loc":{"start":{"line":32,"column":44},"end":{"line":70,"column":9}},"line":32},"8":{"name":"(anonymous_8)","decl":{"start":{"line":35,"column":45},"end":{"line":35,"column":46}},"loc":{"start":{"line":35,"column":61},"end":{"line":37,"column":13}},"line":35},"9":{"name":"getRepayment","decl":{"start":{"line":73,"column":24},"end":{"line":73,"column":36}},"loc":{"start":{"line":73,"column":47},"end":{"line":97,"column":9}},"line":73},"10":{"name":"(anonymous_10)","decl":{"start":{"line":76,"column":50},"end":{"line":76,"column":51}},"loc":{"start":{"line":76,"column":71},"end":{"line":78,"column":13}},"line":76}},"branchMap":{"0":{"loc":{"start":{"line":7,"column":168},"end":{"line":7,"column":198}},"type":"binary-expr","locations":[{"start":{"line":7,"column":168},"end":{"line":7,"column":189}},{"start":{"line":7,"column":193},"end":{"line":7,"column":198}}],"line":7},"1":{"loc":{"start":{"line":7,"column":232},"end":{"line":7,"column":286}},"type":"if","locations":[{"start":{"line":7,"column":232},"end":{"line":7,"column":286}},{"start":{"line":7,"column":232},"end":{"line":7,"column":286}}],"line":7},"2":{"loc":{"start":{"line":7,"column":407},"end":{"line":7,"column":475}},"type":"if","locations":[{"start":{"line":7,"column":407},"end":{"line":7,"column":475}},{"start":{"line":7,"column":407},"end":{"line":7,"column":475}}],"line":7},"3":{"loc":{"start":{"line":7,"column":476},"end":{"line":7,"column":536}},"type":"if","locations":[{"start":{"line":7,"column":476},"end":{"line":7,"column":536}},{"start":{"line":7,"column":476},"end":{"line":7,"column":536}}],"line":7},"4":{"loc":{"start":{"line":21,"column":46},"end":{"line":21,"column":92}},"type":"cond-expr","locations":[{"start":{"line":21,"column":70},"end":{"line":21,"column":73}},{"start":{"line":21,"column":76},"end":{"line":21,"column":92}}],"line":21},"5":{"loc":{"start":{"line":21,"column":46},"end":{"line":21,"column":67}},"type":"binary-expr","locations":[{"start":{"line":21,"column":46},"end":{"line":21,"column":49}},{"start":{"line":21,"column":53},"end":{"line":21,"column":67}}],"line":21},"6":{"loc":{"start":{"line":23,"column":50},"end":{"line":23,"column":151}},"type":"if","locations":[{"start":{"line":23,"column":50},"end":{"line":23,"column":151}},{"start":{"line":23,"column":50},"end":{"line":23,"column":151}}],"line":23},"7":{"loc":{"start":{"line":38,"column":12},"end":{"line":43,"column":13}},"type":"if","locations":[{"start":{"line":38,"column":12},"end":{"line":43,"column":13}},{"start":{"line":38,"column":12},"end":{"line":43,"column":13}}],"line":38},"8":{"loc":{"start":{"line":44,"column":12},"end":{"line":49,"column":13}},"type":"if","locations":[{"start":{"line":44,"column":12},"end":{"line":49,"column":13}},{"start":{"line":44,"column":12},"end":{"line":49,"column":13}}],"line":44},"9":{"loc":{"start":{"line":52,"column":12},"end":{"line":54,"column":13}},"type":"if","locations":[{"start":{"line":52,"column":12},"end":{"line":54,"column":13}},{"start":{"line":52,"column":12},"end":{"line":54,"column":13}}],"line":52},"10":{"loc":{"start":{"line":79,"column":12},"end":{"line":92,"column":13}},"type":"if","locations":[{"start":{"line":79,"column":12},"end":{"line":92,"column":13}},{"start":{"line":79,"column":12},"end":{"line":92,"column":13}}],"line":79}},"s":{"0":1,"1":1,"2":1,"3":1,"4":2,"5":2,"6":2,"7":2,"8":2,"9":2,"10":1,"11":1,"12":1,"13":1,"14":0,"15":1,"16":1,"17":1,"18":1,"19":1,"20":1,"21":1,"22":3,"23":1,"24":0,"25":1,"26":1,"27":1,"28":0,"29":0,"30":0,"31":0,"32":0,"33":0,"34":0,"35":0,"36":0,"37":0,"38":0,"39":0,"40":0,"41":0,"42":0,"43":0,"44":0,"45":0,"46":0,"47":0,"48":0,"49":0,"50":1,"51":1,"52":1},"f":{"0":1,"1":1,"2":1,"3":3,"4":1,"5":1,"6":1,"7":0,"8":0,"9":0,"10":0},"b":{"0":[2,2],"1":[2,0],"2":[1,0],"3":[0,1],"4":[2,1],"5":[3,3],"6":[0,1],"7":[0,0],"8":[0,0],"9":[0,0],"10":[0,0]},"_coverageSchema":"43e27e138ebf9cfc5966b082cf9a028302ed4184","hash":"657fe860ece8edebd6fe1d0f743ab0b9bc042890","contentHash":"9ca3bc94cfdd30f342d460ea22655c374db103e8ac9a7345f9edec7a0c8be4b8"},"/home/ngabonziza/Desktop/camp6/Quick-credit/server/models/repaymentDb.js":{"path":"/home/ngabonziza/Desktop/camp6/Quick-credit/server/models/repaymentDb.js","statementMap":{"0":{"start":{"line":3,"column":0},"end":{"line":5,"column":3}},"1":{"start":{"line":6,"column":17},"end":{"line":6,"column":19}},"2":{"start":{"line":8,"column":0},"end":{"line":8,"column":29}}},"fnMap":{},"branchMap":{},"s":{"0":1,"1":1,"2":1},"f":{},"b":{},"_coverageSchema":"43e27e138ebf9cfc5966b082cf9a028302ed4184","hash":"bfb1a4e64cdb3400b3a9dd95a0ce44375ba4dffd","contentHash":"dad9af402ff7a5810985969a83b19e3a0ce4ff47e248581f9abb30853aa0920d"},"/home/ngabonziza/Desktop/camp6/Quick-credit/tests/signintest.js":{"path":"/home/ngabonziza/Desktop/camp6/Quick-credit/tests/signintest.js","statementMap":{"0":{"start":{"line":3,"column":11},"end":{"line":3,"column":35}},"1":{"start":{"line":5,"column":12},"end":{"line":5,"column":40}},"2":{"start":{"line":7,"column":12},"end":{"line":7,"column":27}},"3":{"start":{"line":9,"column":13},"end":{"line":9,"column":42}},"4":{"start":{"line":11,"column":16},"end":{"line":11,"column":36}},"5":{"start":{"line":13,"column":17},"end":{"line":13,"column":50}},"6":{"start":{"line":15,"column":39},"end":{"line":15,"column":93}},"7":{"start":{"line":17,"column":0},"end":{"line":17,"column":24}},"8":{"start":{"line":18,"column":0},"end":{"line":18,"column":39}},"9":{"start":{"line":20,"column":0},"end":{"line":72,"column":3}},"10":{"start":{"line":38,"column":2},"end":{"line":46,"column":5}},"11":{"start":{"line":39,"column":4},"end":{"line":45,"column":7}},"12":{"start":{"line":43,"column":6},"end":{"line":43,"column":34}},"13":{"start":{"line":44,"column":6},"end":{"line":44,"column":13}},"14":{"start":{"line":47,"column":2},"end":{"line":55,"column":5}},"15":{"start":{"line":48,"column":4},"end":{"line":54,"column":7}},"16":{"start":{"line":52,"column":6},"end":{"line":52,"column":34}},"17":{"start":{"line":53,"column":6},"end":{"line":53,"column":13}},"18":{"start":{"line":56,"column":2},"end":{"line":63,"column":5}},"19":{"start":{"line":57,"column":4},"end":{"line":62,"column":7}},"20":{"start":{"line":60,"column":6},"end":{"line":60,"column":34}},"21":{"start":{"line":61,"column":6},"end":{"line":61,"column":13}},"22":{"start":{"line":64,"column":2},"end":{"line":71,"column":5}},"23":{"start":{"line":65,"column":4},"end":{"line":70,"column":7}},"24":{"start":{"line":68,"column":6},"end":{"line":68,"column":34}},"25":{"start":{"line":69,"column":6},"end":{"line":69,"column":13}}},"fnMap":{"0":{"name":"_interopRequireDefault","decl":{"start":{"line":15,"column":9},"end":{"line":15,"column":31}},"loc":{"start":{"line":15,"column":37},"end":{"line":15,"column":95}},"line":15},"1":{"name":"(anonymous_1)","decl":{"start":{"line":20,"column":25},"end":{"line":20,"column":26}},"loc":{"start":{"line":20,"column":37},"end":{"line":72,"column":1}},"line":20},"2":{"name":"(anonymous_2)","decl":{"start":{"line":38,"column":63},"end":{"line":38,"column":64}},"loc":{"start":{"line":38,"column":79},"end":{"line":46,"column":3}},"line":38},"3":{"name":"(anonymous_3)","decl":{"start":{"line":42,"column":11},"end":{"line":42,"column":12}},"loc":{"start":{"line":42,"column":31},"end":{"line":45,"column":5}},"line":42},"4":{"name":"(anonymous_4)","decl":{"start":{"line":47,"column":51},"end":{"line":47,"column":52}},"loc":{"start":{"line":47,"column":67},"end":{"line":55,"column":3}},"line":47},"5":{"name":"(anonymous_5)","decl":{"start":{"line":51,"column":11},"end":{"line":51,"column":12}},"loc":{"start":{"line":51,"column":31},"end":{"line":54,"column":5}},"line":51},"6":{"name":"(anonymous_6)","decl":{"start":{"line":56,"column":49},"end":{"line":56,"column":50}},"loc":{"start":{"line":56,"column":65},"end":{"line":63,"column":3}},"line":56},"7":{"name":"(anonymous_7)","decl":{"start":{"line":59,"column":11},"end":{"line":59,"column":12}},"loc":{"start":{"line":59,"column":31},"end":{"line":62,"column":5}},"line":59},"8":{"name":"(anonymous_8)","decl":{"start":{"line":64,"column":52},"end":{"line":64,"column":53}},"loc":{"start":{"line":64,"column":68},"end":{"line":71,"column":3}},"line":64},"9":{"name":"(anonymous_9)","decl":{"start":{"line":67,"column":11},"end":{"line":67,"column":12}},"loc":{"start":{"line":67,"column":31},"end":{"line":70,"column":5}},"line":67}},"branchMap":{"0":{"loc":{"start":{"line":15,"column":46},"end":{"line":15,"column":92}},"type":"cond-expr","locations":[{"start":{"line":15,"column":70},"end":{"line":15,"column":73}},{"start":{"line":15,"column":76},"end":{"line":15,"column":92}}],"line":15},"1":{"loc":{"start":{"line":15,"column":46},"end":{"line":15,"column":67}},"type":"binary-expr","locations":[{"start":{"line":15,"column":46},"end":{"line":15,"column":49}},{"start":{"line":15,"column":53},"end":{"line":15,"column":67}}],"line":15}},"s":{"0":1,"1":1,"2":1,"3":1,"4":1,"5":1,"6":3,"7":1,"8":1,"9":1,"10":1,"11":1,"12":1,"13":1,"14":1,"15":1,"16":1,"17":1,"18":1,"19":1,"20":1,"21":1,"22":1,"23":1,"24":1,"25":1},"f":{"0":3,"1":1,"2":1,"3":1,"4":1,"5":1,"6":1,"7":1,"8":1,"9":1},"b":{"0":[1,2],"1":[3,3]},"_coverageSchema":"43e27e138ebf9cfc5966b082cf9a028302ed4184","hash":"89aab9af00fdc5a4461026f1a585d72fabec985a","contentHash":"6e9e25f7c3b9f323c8d076d12caa9963e6c0a06e81043e860b07c007e993963a"},"/home/ngabonziza/Desktop/camp6/Quick-credit/tests/signuptest.js":{"path":"/home/ngabonziza/Desktop/camp6/Quick-credit/tests/signuptest.js","statementMap":{"0":{"start":{"line":3,"column":11},"end":{"line":3,"column":35}},"1":{"start":{"line":5,"column":12},"end":{"line":5,"column":40}},"2":{"start":{"line":7,"column":12},"end":{"line":7,"column":27}},"3":{"start":{"line":9,"column":13},"end":{"line":9,"column":42}},"4":{"start":{"line":11,"column":16},"end":{"line":11,"column":36}},"5":{"start":{"line":13,"column":17},"end":{"line":13,"column":50}},"6":{"start":{"line":15,"column":39},"end":{"line":15,"column":93}},"7":{"start":{"line":17,"column":0},"end":{"line":17,"column":24}},"8":{"start":{"line":18,"column":0},"end":{"line":18,"column":39}},"9":{"start":{"line":20,"column":0},"end":{"line":91,"column":3}},"10":{"start":{"line":21,"column":2},"end":{"line":39,"column":5}},"11":{"start":{"line":22,"column":15},"end":{"line":29,"column":5}},"12":{"start":{"line":31,"column":4},"end":{"line":38,"column":7}},"13":{"start":{"line":32,"column":6},"end":{"line":32,"column":38}},"14":{"start":{"line":33,"column":6},"end":{"line":33,"column":39}},"15":{"start":{"line":34,"column":6},"end":{"line":34,"column":46}},"16":{"start":{"line":35,"column":6},"end":{"line":35,"column":44}},"17":{"start":{"line":36,"column":6},"end":{"line":36,"column":41}},"18":{"start":{"line":37,"column":6},"end":{"line":37,"column":13}},"19":{"start":{"line":40,"column":2},"end":{"line":52,"column":5}},"20":{"start":{"line":41,"column":15},"end":{"line":47,"column":5}},"21":{"start":{"line":48,"column":4},"end":{"line":51,"column":7}},"22":{"start":{"line":49,"column":6},"end":{"line":49,"column":34}},"23":{"start":{"line":50,"column":6},"end":{"line":50,"column":13}},"24":{"start":{"line":54,"column":2},"end":{"line":66,"column":5}},"25":{"start":{"line":55,"column":15},"end":{"line":61,"column":5}},"26":{"start":{"line":62,"column":4},"end":{"line":65,"column":7}},"27":{"start":{"line":63,"column":6},"end":{"line":63,"column":34}},"28":{"start":{"line":64,"column":6},"end":{"line":64,"column":13}},"29":{"start":{"line":67,"column":2},"end":{"line":79,"column":5}},"30":{"start":{"line":68,"column":15},"end":{"line":74,"column":5}},"31":{"start":{"line":75,"column":4},"end":{"line":78,"column":7}},"32":{"start":{"line":76,"column":6},"end":{"line":76,"column":34}},"33":{"start":{"line":77,"column":6},"end":{"line":77,"column":13}},"34":{"start":{"line":81,"column":2},"end":{"line":90,"column":5}},"35":{"start":{"line":82,"column":13},"end":{"line":82,"column":14}},"36":{"start":{"line":83,"column":15},"end":{"line":85,"column":5}},"37":{"start":{"line":86,"column":4},"end":{"line":89,"column":7}},"38":{"start":{"line":87,"column":6},"end":{"line":87,"column":34}},"39":{"start":{"line":88,"column":6},"end":{"line":88,"column":13}}},"fnMap":{"0":{"name":"_interopRequireDefault","decl":{"start":{"line":15,"column":9},"end":{"line":15,"column":31}},"loc":{"start":{"line":15,"column":37},"end":{"line":15,"column":95}},"line":15},"1":{"name":"(anonymous_1)","decl":{"start":{"line":20,"column":30},"end":{"line":20,"column":31}},"loc":{"start":{"line":20,"column":42},"end":{"line":91,"column":1}},"line":20},"2":{"name":"(anonymous_2)","decl":{"start":{"line":21,"column":33},"end":{"line":21,"column":34}},"loc":{"start":{"line":21,"column":49},"end":{"line":39,"column":3}},"line":21},"3":{"name":"(anonymous_3)","decl":{"start":{"line":31,"column":85},"end":{"line":31,"column":86}},"loc":{"start":{"line":31,"column":105},"end":{"line":38,"column":5}},"line":31},"4":{"name":"(anonymous_4)","decl":{"start":{"line":40,"column":52},"end":{"line":40,"column":53}},"loc":{"start":{"line":40,"column":68},"end":{"line":52,"column":3}},"line":40},"5":{"name":"(anonymous_5)","decl":{"start":{"line":48,"column":85},"end":{"line":48,"column":86}},"loc":{"start":{"line":48,"column":105},"end":{"line":51,"column":5}},"line":48},"6":{"name":"(anonymous_6)","decl":{"start":{"line":54,"column":55},"end":{"line":54,"column":56}},"loc":{"start":{"line":54,"column":71},"end":{"line":66,"column":3}},"line":54},"7":{"name":"(anonymous_7)","decl":{"start":{"line":62,"column":85},"end":{"line":62,"column":86}},"loc":{"start":{"line":62,"column":105},"end":{"line":65,"column":5}},"line":62},"8":{"name":"(anonymous_8)","decl":{"start":{"line":67,"column":51},"end":{"line":67,"column":52}},"loc":{"start":{"line":67,"column":67},"end":{"line":79,"column":3}},"line":67},"9":{"name":"(anonymous_9)","decl":{"start":{"line":75,"column":85},"end":{"line":75,"column":86}},"loc":{"start":{"line":75,"column":105},"end":{"line":78,"column":5}},"line":75},"10":{"name":"(anonymous_10)","decl":{"start":{"line":81,"column":45},"end":{"line":81,"column":46}},"loc":{"start":{"line":81,"column":61},"end":{"line":90,"column":3}},"line":81},"11":{"name":"(anonymous_11)","decl":{"start":{"line":86,"column":86},"end":{"line":86,"column":87}},"loc":{"start":{"line":86,"column":106},"end":{"line":89,"column":5}},"line":86}},"branchMap":{"0":{"loc":{"start":{"line":15,"column":46},"end":{"line":15,"column":92}},"type":"cond-expr","locations":[{"start":{"line":15,"column":70},"end":{"line":15,"column":73}},{"start":{"line":15,"column":76},"end":{"line":15,"column":92}}],"line":15},"1":{"loc":{"start":{"line":15,"column":46},"end":{"line":15,"column":67}},"type":"binary-expr","locations":[{"start":{"line":15,"column":46},"end":{"line":15,"column":49}},{"start":{"line":15,"column":53},"end":{"line":15,"column":67}}],"line":15}},"s":{"0":1,"1":1,"2":1,"3":1,"4":1,"5":1,"6":3,"7":1,"8":1,"9":1,"10":1,"11":1,"12":1,"13":1,"14":1,"15":1,"16":1,"17":1,"18":1,"19":1,"20":1,"21":1,"22":1,"23":1,"24":1,"25":1,"26":1,"27":1,"28":1,"29":1,"30":1,"31":1,"32":1,"33":1,"34":1,"35":1,"36":1,"37":1,"38":1,"39":1},"f":{"0":3,"1":1,"2":1,"3":1,"4":1,"5":1,"6":1,"7":1,"8":1,"9":1,"10":1,"11":1},"b":{"0":[1,2],"1":[3,3]},"_coverageSchema":"43e27e138ebf9cfc5966b082cf9a028302ed4184","hash":"542154be39f7013c9f3a5ae0f613fb7790032921","contentHash":"24c07009ee1dac222fc61f7bcb24ea6fca46fe156f8561b9ccf41b2c0e867588"}}